08-Oct-2017 08:41:56.548 INFO [main] org.apache.catalina.startup.VersionLoggerListener.log Server version:        Apache Tomcat/8.5.15
08-Oct-2017 08:41:56.704 INFO [main] org.apache.catalina.startup.VersionLoggerListener.log Server built:          May 5 2017 11:03:04 UTC
08-Oct-2017 08:41:56.704 INFO [main] org.apache.catalina.startup.VersionLoggerListener.log Server number:         8.5.15.0
08-Oct-2017 08:41:56.705 INFO [main] org.apache.catalina.startup.VersionLoggerListener.log OS Name:               Windows 10
08-Oct-2017 08:41:56.705 INFO [main] org.apache.catalina.startup.VersionLoggerListener.log OS Version:            10.0
08-Oct-2017 08:41:56.705 INFO [main] org.apache.catalina.startup.VersionLoggerListener.log Architecture:          amd64
08-Oct-2017 08:41:56.705 INFO [main] org.apache.catalina.startup.VersionLoggerListener.log Java Home:             C:\Program Files\Java\jdk1.8.0_101\jre
08-Oct-2017 08:41:56.705 INFO [main] org.apache.catalina.startup.VersionLoggerListener.log JVM Version:           1.8.0_101-b13
08-Oct-2017 08:41:56.705 INFO [main] org.apache.catalina.startup.VersionLoggerListener.log JVM Vendor:            Oracle Corporation
08-Oct-2017 08:41:56.706 INFO [main] org.apache.catalina.startup.VersionLoggerListener.log CATALINA_BASE:         U:\ReportDev\GaleUI\gale
08-Oct-2017 08:41:56.706 INFO [main] org.apache.catalina.startup.VersionLoggerListener.log CATALINA_HOME:         U:\ReportDev\GaleUI\gale
08-Oct-2017 08:41:56.706 INFO [main] org.apache.catalina.startup.VersionLoggerListener.log Command line argument: -Djava.util.logging.config.file=U:\ReportDev\GaleUI\gale\conf\logging.properties
08-Oct-2017 08:41:56.706 INFO [main] org.apache.catalina.startup.VersionLoggerListener.log Command line argument: -Djava.util.logging.manager=org.apache.juli.ClassLoaderLogManager
08-Oct-2017 08:41:56.706 INFO [main] org.apache.catalina.startup.VersionLoggerListener.log Command line argument: -Djdk.tls.ephemeralDHKeySize=2048
08-Oct-2017 08:41:56.706 INFO [main] org.apache.catalina.startup.VersionLoggerListener.log Command line argument: -Djava.protocol.handler.pkgs=org.apache.catalina.webresources
08-Oct-2017 08:41:56.707 INFO [main] org.apache.catalina.startup.VersionLoggerListener.log Command line argument: -Dcatalina.base=U:\ReportDev\GaleUI\gale
08-Oct-2017 08:41:56.707 INFO [main] org.apache.catalina.startup.VersionLoggerListener.log Command line argument: -Dcatalina.home=U:\ReportDev\GaleUI\gale
08-Oct-2017 08:41:56.708 INFO [main] org.apache.catalina.startup.VersionLoggerListener.log Command line argument: -Djava.io.tmpdir=U:\ReportDev\GaleUI\gale\temp
08-Oct-2017 08:41:56.708 INFO [main] org.apache.catalina.core.AprLifecycleListener.lifecycleEvent The APR based Apache Tomcat Native library which allows optimal performance in production environments was not found on the java.library.path: [C:\Program Files\Java\jdk1.8.0_101\bin;C:\WINDOWS\Sun\Java\bin;C:\WINDOWS\system32;C:\WINDOWS;C:\Program Files\Python36\Scripts\;C:\Program Files\Python36\;C:\ProgramData\Oracle\Java\javapath;C:\Program Files (x86)\Intel\iCLS Client\;C:\Program Files\Intel\iCLS Client\;C:\WINDOWS\system32;C:\WINDOWS;C:\WINDOWS\System32\Wbem;C:\WINDOWS\System32\WindowsPowerShell\v1.0\;c:\Program Files (x86)\ATI Technologies\ATI.ACE\Core-Static;C:\Program Files (x86)\Intel\Intel(R) Management Engine Components\DAL;C:\Program Files\Intel\Intel(R) Management Engine Components\DAL;C:\Program Files (x86)\Intel\Intel(R) Management Engine Components\IPT;C:\Program Files\Intel\Intel(R) Management Engine Components\IPT;C:\Program Files (x86)\scala\bin;C:\Program Files\Java\jdk1.8.0_101\bin;U:\apache-maven-3.3.9\bin;C:\Program Files\Git\bin;C:\Users\Saurabh\AppData\Local\Programs\Python\Python36-32\Scripts;C:\Program Files (x86)\Skype\Phone\;C:\Program Files (x86)\GnuWin32\bin;C:\Program Files\Intel\WiFi\bin\;C:\Program Files\Common Files\Intel\WirelessCommon\;C:\Program Files\Microsoft SQL Server\130\Tools\Binn\;C:\Program Files\dotnet\;C:\Program Files\nodejs\;C:\Users\Saurabh\Downloads\junit;U:\apache-maven-3.3.9\bin;C:\Program Files\Java\jdk1.8.0_101\bin;C:\Program Files\Git\bin;C:\Program Files\Intel\WiFi\bin\;C:\Program Files\Common Files\Intel\WirelessCommon\;C:\Users\Saurabh\AppData\Local\Microsoft\WindowsApps;C:\Users\Saurabh\AppData\Roaming\npm;C:\Users\Saurabh\Downloads\junit;;.]
08-Oct-2017 08:41:59.274 INFO [main] org.apache.coyote.AbstractProtocol.init Initializing ProtocolHandler ["http-nio-8080"]
08-Oct-2017 08:42:00.237 INFO [main] org.apache.tomcat.util.net.NioSelectorPool.getSharedSelector Using a shared selector for servlet write/read
08-Oct-2017 08:42:00.266 INFO [main] org.apache.coyote.AbstractProtocol.init Initializing ProtocolHandler ["ajp-nio-8009"]
08-Oct-2017 08:42:00.268 INFO [main] org.apache.tomcat.util.net.NioSelectorPool.getSharedSelector Using a shared selector for servlet write/read
08-Oct-2017 08:42:00.269 INFO [main] org.apache.catalina.startup.Catalina.load Initialization processed in 7442 ms
08-Oct-2017 08:42:00.814 INFO [main] org.apache.catalina.core.StandardService.startInternal Starting service [Catalina]
08-Oct-2017 08:42:00.815 INFO [main] org.apache.catalina.core.StandardEngine.startInternal Starting Servlet Engine: Apache Tomcat/8.5.15
08-Oct-2017 08:42:00.879 INFO [localhost-startStop-1] org.apache.catalina.startup.HostConfig.deployDirectory Deploying web application directory [U:\ReportDev\GaleUI\gale\webapps\docs]
08-Oct-2017 08:42:03.689 INFO [localhost-startStop-1] org.apache.catalina.startup.HostConfig.deployDirectory Deployment of web application directory [U:\ReportDev\GaleUI\gale\webapps\docs] has finished in [2,798] ms
08-Oct-2017 08:42:03.689 INFO [localhost-startStop-1] org.apache.catalina.startup.HostConfig.deployDirectory Deploying web application directory [U:\ReportDev\GaleUI\gale\webapps\examples]
08-Oct-2017 08:42:10.074 INFO [localhost-startStop-1] org.apache.catalina.startup.HostConfig.deployDirectory Deployment of web application directory [U:\ReportDev\GaleUI\gale\webapps\examples] has finished in [6,385] ms
08-Oct-2017 08:42:10.075 INFO [localhost-startStop-1] org.apache.catalina.startup.HostConfig.deployDirectory Deploying web application directory [U:\ReportDev\GaleUI\gale\webapps\host-manager]
08-Oct-2017 08:42:10.309 INFO [localhost-startStop-1] org.apache.catalina.startup.HostConfig.deployDirectory Deployment of web application directory [U:\ReportDev\GaleUI\gale\webapps\host-manager] has finished in [233] ms
08-Oct-2017 08:42:10.309 INFO [localhost-startStop-1] org.apache.catalina.startup.HostConfig.deployDirectory Deploying web application directory [U:\ReportDev\GaleUI\gale\webapps\manager]
08-Oct-2017 08:42:10.432 INFO [localhost-startStop-1] org.apache.catalina.startup.HostConfig.deployDirectory Deployment of web application directory [U:\ReportDev\GaleUI\gale\webapps\manager] has finished in [123] ms
08-Oct-2017 08:42:10.433 INFO [localhost-startStop-1] org.apache.catalina.startup.HostConfig.deployDirectory Deploying web application directory [U:\ReportDev\GaleUI\gale\webapps\ROOT]
08-Oct-2017 08:42:10.485 INFO [localhost-startStop-1] org.apache.catalina.startup.HostConfig.deployDirectory Deployment of web application directory [U:\ReportDev\GaleUI\gale\webapps\ROOT] has finished in [52] ms
08-Oct-2017 08:42:10.506 INFO [main] org.apache.coyote.AbstractProtocol.start Starting ProtocolHandler ["http-nio-8080"]
08-Oct-2017 08:42:10.511 INFO [main] org.apache.coyote.AbstractProtocol.start Starting ProtocolHandler ["ajp-nio-8009"]
08-Oct-2017 08:42:10.513 INFO [main] org.apache.catalina.startup.Catalina.start Server startup in 10244 ms
