22-May-2017 12:44:58.673 INFO [main] org.apache.catalina.startup.VersionLoggerListener.log Server version:        Apache Tomcat/8.5.15
22-May-2017 12:44:58.677 INFO [main] org.apache.catalina.startup.VersionLoggerListener.log Server built:          May 5 2017 11:03:04 UTC
22-May-2017 12:44:58.678 INFO [main] org.apache.catalina.startup.VersionLoggerListener.log Server number:         8.5.15.0
22-May-2017 12:44:58.678 INFO [main] org.apache.catalina.startup.VersionLoggerListener.log OS Name:               Windows 10
22-May-2017 12:44:58.678 INFO [main] org.apache.catalina.startup.VersionLoggerListener.log OS Version:            10.0
22-May-2017 12:44:58.678 INFO [main] org.apache.catalina.startup.VersionLoggerListener.log Architecture:          amd64
22-May-2017 12:44:58.679 INFO [main] org.apache.catalina.startup.VersionLoggerListener.log Java Home:             C:\Program Files\Java\jdk1.8.0_102\jre
22-May-2017 12:44:58.679 INFO [main] org.apache.catalina.startup.VersionLoggerListener.log JVM Version:           1.8.0_102-b14
22-May-2017 12:44:58.679 INFO [main] org.apache.catalina.startup.VersionLoggerListener.log JVM Vendor:            Oracle Corporation
22-May-2017 12:44:58.680 INFO [main] org.apache.catalina.startup.VersionLoggerListener.log CATALINA_BASE:         C:\Users\saurabhrai\Downloads\apache-tomcat-8.5.15\apache-tomcat-8.5.15
22-May-2017 12:44:58.680 INFO [main] org.apache.catalina.startup.VersionLoggerListener.log CATALINA_HOME:         C:\Users\saurabhrai\Downloads\apache-tomcat-8.5.15\apache-tomcat-8.5.15
22-May-2017 12:44:58.680 INFO [main] org.apache.catalina.startup.VersionLoggerListener.log Command line argument: -Djava.util.logging.config.file=C:\Users\saurabhrai\Downloads\apache-tomcat-8.5.15\apache-tomcat-8.5.15\conf\logging.properties
22-May-2017 12:44:58.681 INFO [main] org.apache.catalina.startup.VersionLoggerListener.log Command line argument: -Djava.util.logging.manager=org.apache.juli.ClassLoaderLogManager
22-May-2017 12:44:58.681 INFO [main] org.apache.catalina.startup.VersionLoggerListener.log Command line argument: -Djdk.tls.ephemeralDHKeySize=2048
22-May-2017 12:44:58.681 INFO [main] org.apache.catalina.startup.VersionLoggerListener.log Command line argument: -Djava.protocol.handler.pkgs=org.apache.catalina.webresources
22-May-2017 12:44:58.682 INFO [main] org.apache.catalina.startup.VersionLoggerListener.log Command line argument: -Dcatalina.base=C:\Users\saurabhrai\Downloads\apache-tomcat-8.5.15\apache-tomcat-8.5.15
22-May-2017 12:44:58.682 INFO [main] org.apache.catalina.startup.VersionLoggerListener.log Command line argument: -Dcatalina.home=C:\Users\saurabhrai\Downloads\apache-tomcat-8.5.15\apache-tomcat-8.5.15
22-May-2017 12:44:58.683 INFO [main] org.apache.catalina.startup.VersionLoggerListener.log Command line argument: -Djava.io.tmpdir=C:\Users\saurabhrai\Downloads\apache-tomcat-8.5.15\apache-tomcat-8.5.15\temp
22-May-2017 12:44:58.685 INFO [main] org.apache.catalina.core.AprLifecycleListener.lifecycleEvent The APR based Apache Tomcat Native library which allows optimal performance in production environments was not found on the java.library.path: [C:\Program Files\Java\jdk1.8.0_102\bin;C:\Windows\Sun\Java\bin;C:\Windows\system32;C:\Windows;C:\ProgramData\Oracle\Java\javapath;C:\Windows\system32;C:\Windows;C:\Windows\System32\Wbem;C:\Windows\System32\WindowsPowerShell\v1.0\;C:\Program Files\Java\jdk1.8.0_102\bin;D:\apache-maven-3.3.9\bin;C:\Program Files\Git\cmd;C:\Go\bin;C:\Program Files\TortoiseHg\;C:\Program Files\nodejs\;C:\Program Files (x86)\Skype\Phone\;C:\Users\saurabhrai\AppData\Local\Programs\Python\Python36-32\Scripts\;C:\Users\saurabhrai\AppData\Local\Programs\Python\Python36-32\;C:\Users\saurabhrai\AppData\Roaming\npm:D:\chromedriver.exe;D:\geckodriver.exe;.]
22-May-2017 12:44:58.989 INFO [main] org.apache.coyote.AbstractProtocol.init Initializing ProtocolHandler ["http-nio-8080"]
22-May-2017 12:44:59.122 INFO [main] org.apache.tomcat.util.net.NioSelectorPool.getSharedSelector Using a shared selector for servlet write/read
22-May-2017 12:44:59.125 INFO [main] org.apache.coyote.AbstractProtocol.init Initializing ProtocolHandler ["ajp-nio-8009"]
22-May-2017 12:44:59.127 INFO [main] org.apache.tomcat.util.net.NioSelectorPool.getSharedSelector Using a shared selector for servlet write/read
22-May-2017 12:44:59.128 INFO [main] org.apache.catalina.startup.Catalina.load Initialization processed in 1261 ms
22-May-2017 12:44:59.241 INFO [main] org.apache.catalina.core.StandardService.startInternal Starting service [Catalina]
22-May-2017 12:44:59.242 INFO [main] org.apache.catalina.core.StandardEngine.startInternal Starting Servlet Engine: Apache Tomcat/8.5.15
22-May-2017 12:44:59.262 SEVERE [Catalina-startStop-1] org.apache.catalina.valves.AccessLogValve.open Failed to open access log file [C:\Users\saurabhrai\Downloads\apache-tomcat-8.5.15\apache-tomcat-8.5.15\logs\localhost_access_log.2017-05-22.txt]
 java.io.FileNotFoundException: C:\Users\saurabhrai\Downloads\apache-tomcat-8.5.15\apache-tomcat-8.5.15\logs\localhost_access_log.2017-05-22.txt (Access is denied)
	at java.io.FileOutputStream.open0(Native Method)
	at java.io.FileOutputStream.open(FileOutputStream.java:270)
	at java.io.FileOutputStream.<init>(FileOutputStream.java:213)
	at org.apache.catalina.valves.AccessLogValve.open(AccessLogValve.java:585)
	at org.apache.catalina.valves.AccessLogValve.startInternal(AccessLogValve.java:615)
	at org.apache.catalina.util.LifecycleBase.start(LifecycleBase.java:150)
	at org.apache.catalina.core.StandardPipeline.startInternal(StandardPipeline.java:182)
	at org.apache.catalina.util.LifecycleBase.start(LifecycleBase.java:150)
	at org.apache.catalina.core.ContainerBase.startInternal(ContainerBase.java:953)
	at org.apache.catalina.core.StandardHost.startInternal(StandardHost.java:872)
	at org.apache.catalina.util.LifecycleBase.start(LifecycleBase.java:150)
	at org.apache.catalina.core.ContainerBase$StartChild.call(ContainerBase.java:1419)
	at org.apache.catalina.core.ContainerBase$StartChild.call(ContainerBase.java:1409)
	at java.util.concurrent.FutureTask.run(FutureTask.java:266)
	at java.util.concurrent.ThreadPoolExecutor.runWorker(ThreadPoolExecutor.java:1142)
	at java.util.concurrent.ThreadPoolExecutor$Worker.run(ThreadPoolExecutor.java:617)
	at java.lang.Thread.run(Thread.java:745)

22-May-2017 12:44:59.273 INFO [localhost-startStop-1] org.apache.catalina.startup.HostConfig.deployDirectory Deploying web application directory [C:\Users\saurabhrai\Downloads\apache-tomcat-8.5.15\apache-tomcat-8.5.15\webapps\docs]
22-May-2017 12:44:59.995 INFO [localhost-startStop-1] org.apache.catalina.startup.HostConfig.deployDirectory Deployment of web application directory [C:\Users\saurabhrai\Downloads\apache-tomcat-8.5.15\apache-tomcat-8.5.15\webapps\docs] has finished in [722] ms
22-May-2017 12:44:59.996 INFO [localhost-startStop-1] org.apache.catalina.startup.HostConfig.deployDirectory Deploying web application directory [C:\Users\saurabhrai\Downloads\apache-tomcat-8.5.15\apache-tomcat-8.5.15\webapps\examples]
22-May-2017 12:45:01.147 INFO [localhost-startStop-1] org.apache.catalina.startup.HostConfig.deployDirectory Deployment of web application directory [C:\Users\saurabhrai\Downloads\apache-tomcat-8.5.15\apache-tomcat-8.5.15\webapps\examples] has finished in [1,151] ms
22-May-2017 12:45:01.147 INFO [localhost-startStop-1] org.apache.catalina.startup.HostConfig.deployDirectory Deploying web application directory [C:\Users\saurabhrai\Downloads\apache-tomcat-8.5.15\apache-tomcat-8.5.15\webapps\host-manager]
22-May-2017 12:45:01.236 INFO [localhost-startStop-1] org.apache.catalina.startup.HostConfig.deployDirectory Deployment of web application directory [C:\Users\saurabhrai\Downloads\apache-tomcat-8.5.15\apache-tomcat-8.5.15\webapps\host-manager] has finished in [89] ms
22-May-2017 12:45:01.236 INFO [localhost-startStop-1] org.apache.catalina.startup.HostConfig.deployDirectory Deploying web application directory [C:\Users\saurabhrai\Downloads\apache-tomcat-8.5.15\apache-tomcat-8.5.15\webapps\manager]
22-May-2017 12:45:01.281 INFO [localhost-startStop-1] org.apache.catalina.startup.HostConfig.deployDirectory Deployment of web application directory [C:\Users\saurabhrai\Downloads\apache-tomcat-8.5.15\apache-tomcat-8.5.15\webapps\manager] has finished in [45] ms
22-May-2017 12:45:01.282 INFO [localhost-startStop-1] org.apache.catalina.startup.HostConfig.deployDirectory Deploying web application directory [C:\Users\saurabhrai\Downloads\apache-tomcat-8.5.15\apache-tomcat-8.5.15\webapps\Report]
22-May-2017 12:45:01.346 INFO [localhost-startStop-1] org.apache.catalina.startup.HostConfig.deployDirectory Deployment of web application directory [C:\Users\saurabhrai\Downloads\apache-tomcat-8.5.15\apache-tomcat-8.5.15\webapps\Report] has finished in [64] ms
22-May-2017 12:45:01.347 INFO [localhost-startStop-1] org.apache.catalina.startup.HostConfig.deployDirectory Deploying web application directory [C:\Users\saurabhrai\Downloads\apache-tomcat-8.5.15\apache-tomcat-8.5.15\webapps\ROOT]
22-May-2017 12:45:01.410 INFO [localhost-startStop-1] org.apache.catalina.startup.HostConfig.deployDirectory Deployment of web application directory [C:\Users\saurabhrai\Downloads\apache-tomcat-8.5.15\apache-tomcat-8.5.15\webapps\ROOT] has finished in [63] ms
22-May-2017 12:45:01.415 INFO [main] org.apache.coyote.AbstractProtocol.start Starting ProtocolHandler ["http-nio-8080"]
22-May-2017 12:45:01.423 INFO [main] org.apache.coyote.AbstractProtocol.start Starting ProtocolHandler ["ajp-nio-8009"]
22-May-2017 12:45:01.426 INFO [main] org.apache.catalina.startup.Catalina.start Server startup in 2297 ms
