17-May-2017 18:33:30.068 INFO [main] org.apache.catalina.startup.VersionLoggerListener.log Server version:        Apache Tomcat/8.5.15
17-May-2017 18:33:30.072 INFO [main] org.apache.catalina.startup.VersionLoggerListener.log Server built:          May 5 2017 11:03:04 UTC
17-May-2017 18:33:30.072 INFO [main] org.apache.catalina.startup.VersionLoggerListener.log Server number:         8.5.15.0
17-May-2017 18:33:30.072 INFO [main] org.apache.catalina.startup.VersionLoggerListener.log OS Name:               Windows 10
17-May-2017 18:33:30.073 INFO [main] org.apache.catalina.startup.VersionLoggerListener.log OS Version:            10.0
17-May-2017 18:33:30.073 INFO [main] org.apache.catalina.startup.VersionLoggerListener.log Architecture:          amd64
17-May-2017 18:33:30.073 INFO [main] org.apache.catalina.startup.VersionLoggerListener.log Java Home:             C:\Program Files\Java\jdk1.8.0_102\jre
17-May-2017 18:33:30.073 INFO [main] org.apache.catalina.startup.VersionLoggerListener.log JVM Version:           1.8.0_102-b14
17-May-2017 18:33:30.073 INFO [main] org.apache.catalina.startup.VersionLoggerListener.log JVM Vendor:            Oracle Corporation
17-May-2017 18:33:30.074 INFO [main] org.apache.catalina.startup.VersionLoggerListener.log CATALINA_BASE:         C:\Users\saurabhrai\Downloads\apache-tomcat-8.5.15\apache-tomcat-8.5.15
17-May-2017 18:33:30.074 INFO [main] org.apache.catalina.startup.VersionLoggerListener.log CATALINA_HOME:         C:\Users\saurabhrai\Downloads\apache-tomcat-8.5.15\apache-tomcat-8.5.15
17-May-2017 18:33:30.074 INFO [main] org.apache.catalina.startup.VersionLoggerListener.log Command line argument: -Djava.util.logging.config.file=C:\Users\saurabhrai\Downloads\apache-tomcat-8.5.15\apache-tomcat-8.5.15\conf\logging.properties
17-May-2017 18:33:30.074 INFO [main] org.apache.catalina.startup.VersionLoggerListener.log Command line argument: -Djava.util.logging.manager=org.apache.juli.ClassLoaderLogManager
17-May-2017 18:33:30.075 INFO [main] org.apache.catalina.startup.VersionLoggerListener.log Command line argument: -Djdk.tls.ephemeralDHKeySize=2048
17-May-2017 18:33:30.075 INFO [main] org.apache.catalina.startup.VersionLoggerListener.log Command line argument: -Djava.protocol.handler.pkgs=org.apache.catalina.webresources
17-May-2017 18:33:30.075 INFO [main] org.apache.catalina.startup.VersionLoggerListener.log Command line argument: -Dcatalina.base=C:\Users\saurabhrai\Downloads\apache-tomcat-8.5.15\apache-tomcat-8.5.15
17-May-2017 18:33:30.076 INFO [main] org.apache.catalina.startup.VersionLoggerListener.log Command line argument: -Dcatalina.home=C:\Users\saurabhrai\Downloads\apache-tomcat-8.5.15\apache-tomcat-8.5.15
17-May-2017 18:33:30.076 INFO [main] org.apache.catalina.startup.VersionLoggerListener.log Command line argument: -Djava.io.tmpdir=C:\Users\saurabhrai\Downloads\apache-tomcat-8.5.15\apache-tomcat-8.5.15\temp
17-May-2017 18:33:30.077 INFO [main] org.apache.catalina.core.AprLifecycleListener.lifecycleEvent The APR based Apache Tomcat Native library which allows optimal performance in production environments was not found on the java.library.path: [C:\Program Files\Java\jdk1.8.0_102\bin;C:\Windows\Sun\Java\bin;C:\Windows\system32;C:\Windows;C:\ProgramData\Oracle\Java\javapath;C:\Windows\system32;C:\Windows;C:\Windows\System32\Wbem;C:\Windows\System32\WindowsPowerShell\v1.0\;C:\Program Files\Java\jdk1.8.0_102\bin;D:\apache-maven-3.3.9\bin;C:\Program Files\Git\cmd;C:\Go\bin;C:\Program Files\TortoiseHg\;C:\Program Files\nodejs\;C:\Program Files (x86)\Skype\Phone\;C:\Users\saurabhrai\AppData\Local\Programs\Python\Python36-32\Scripts\;C:\Users\saurabhrai\AppData\Local\Programs\Python\Python36-32\;C:\Users\saurabhrai\AppData\Roaming\npm:D:\chromedriver.exe;D:\geckodriver.exe;.]
17-May-2017 18:33:30.365 INFO [main] org.apache.coyote.AbstractProtocol.init Initializing ProtocolHandler ["http-nio-8080"]
17-May-2017 18:33:30.497 INFO [main] org.apache.tomcat.util.net.NioSelectorPool.getSharedSelector Using a shared selector for servlet write/read
17-May-2017 18:33:30.500 INFO [main] org.apache.coyote.AbstractProtocol.init Initializing ProtocolHandler ["ajp-nio-8009"]
17-May-2017 18:33:30.503 INFO [main] org.apache.tomcat.util.net.NioSelectorPool.getSharedSelector Using a shared selector for servlet write/read
17-May-2017 18:33:30.503 INFO [main] org.apache.catalina.startup.Catalina.load Initialization processed in 2384 ms
17-May-2017 18:33:30.535 INFO [main] org.apache.catalina.core.StandardService.startInternal Starting service [Catalina]
17-May-2017 18:33:30.535 INFO [main] org.apache.catalina.core.StandardEngine.startInternal Starting Servlet Engine: Apache Tomcat/8.5.15
17-May-2017 18:33:30.551 SEVERE [Catalina-startStop-1] org.apache.catalina.valves.AccessLogValve.open Failed to open access log file [C:\Users\saurabhrai\Downloads\apache-tomcat-8.5.15\apache-tomcat-8.5.15\logs\localhost_access_log.2017-05-17.txt]
 java.io.FileNotFoundException: C:\Users\saurabhrai\Downloads\apache-tomcat-8.5.15\apache-tomcat-8.5.15\logs\localhost_access_log.2017-05-17.txt (Access is denied)
	at java.io.FileOutputStream.open0(Native Method)
	at java.io.FileOutputStream.open(FileOutputStream.java:270)
	at java.io.FileOutputStream.<init>(FileOutputStream.java:213)
	at org.apache.catalina.valves.AccessLogValve.open(AccessLogValve.java:585)
	at org.apache.catalina.valves.AccessLogValve.startInternal(AccessLogValve.java:615)
	at org.apache.catalina.util.LifecycleBase.start(LifecycleBase.java:150)
	at org.apache.catalina.core.StandardPipeline.startInternal(StandardPipeline.java:182)
	at org.apache.catalina.util.LifecycleBase.start(LifecycleBase.java:150)
	at org.apache.catalina.core.ContainerBase.startInternal(ContainerBase.java:953)
	at org.apache.catalina.core.StandardHost.startInternal(StandardHost.java:872)
	at org.apache.catalina.util.LifecycleBase.start(LifecycleBase.java:150)
	at org.apache.catalina.core.ContainerBase$StartChild.call(ContainerBase.java:1419)
	at org.apache.catalina.core.ContainerBase$StartChild.call(ContainerBase.java:1409)
	at java.util.concurrent.FutureTask.run(FutureTask.java:266)
	at java.util.concurrent.ThreadPoolExecutor.runWorker(ThreadPoolExecutor.java:1142)
	at java.util.concurrent.ThreadPoolExecutor$Worker.run(ThreadPoolExecutor.java:617)
	at java.lang.Thread.run(Thread.java:745)

17-May-2017 18:33:30.558 INFO [localhost-startStop-1] org.apache.catalina.startup.HostConfig.deployDirectory Deploying web application directory [C:\Users\saurabhrai\Downloads\apache-tomcat-8.5.15\apache-tomcat-8.5.15\webapps\docs]
17-May-2017 18:33:31.151 INFO [localhost-startStop-1] org.apache.catalina.startup.HostConfig.deployDirectory Deployment of web application directory [C:\Users\saurabhrai\Downloads\apache-tomcat-8.5.15\apache-tomcat-8.5.15\webapps\docs] has finished in [593] ms
17-May-2017 18:33:31.152 INFO [localhost-startStop-1] org.apache.catalina.startup.HostConfig.deployDirectory Deploying web application directory [C:\Users\saurabhrai\Downloads\apache-tomcat-8.5.15\apache-tomcat-8.5.15\webapps\examples]
17-May-2017 18:33:31.696 INFO [localhost-startStop-1] org.apache.catalina.startup.HostConfig.deployDirectory Deployment of web application directory [C:\Users\saurabhrai\Downloads\apache-tomcat-8.5.15\apache-tomcat-8.5.15\webapps\examples] has finished in [544] ms
17-May-2017 18:33:31.696 INFO [localhost-startStop-1] org.apache.catalina.startup.HostConfig.deployDirectory Deploying web application directory [C:\Users\saurabhrai\Downloads\apache-tomcat-8.5.15\apache-tomcat-8.5.15\webapps\host-manager]
17-May-2017 18:33:31.738 INFO [localhost-startStop-1] org.apache.catalina.startup.HostConfig.deployDirectory Deployment of web application directory [C:\Users\saurabhrai\Downloads\apache-tomcat-8.5.15\apache-tomcat-8.5.15\webapps\host-manager] has finished in [42] ms
17-May-2017 18:33:31.738 INFO [localhost-startStop-1] org.apache.catalina.startup.HostConfig.deployDirectory Deploying web application directory [C:\Users\saurabhrai\Downloads\apache-tomcat-8.5.15\apache-tomcat-8.5.15\webapps\manager]
17-May-2017 18:33:31.777 INFO [localhost-startStop-1] org.apache.catalina.startup.HostConfig.deployDirectory Deployment of web application directory [C:\Users\saurabhrai\Downloads\apache-tomcat-8.5.15\apache-tomcat-8.5.15\webapps\manager] has finished in [39] ms
17-May-2017 18:33:31.778 INFO [localhost-startStop-1] org.apache.catalina.startup.HostConfig.deployDirectory Deploying web application directory [C:\Users\saurabhrai\Downloads\apache-tomcat-8.5.15\apache-tomcat-8.5.15\webapps\ROOT]
17-May-2017 18:33:31.812 INFO [localhost-startStop-1] org.apache.catalina.startup.HostConfig.deployDirectory Deployment of web application directory [C:\Users\saurabhrai\Downloads\apache-tomcat-8.5.15\apache-tomcat-8.5.15\webapps\ROOT] has finished in [34] ms
17-May-2017 18:33:31.817 INFO [main] org.apache.coyote.AbstractProtocol.start Starting ProtocolHandler ["http-nio-8080"]
17-May-2017 18:33:31.828 INFO [main] org.apache.coyote.AbstractProtocol.start Starting ProtocolHandler ["ajp-nio-8009"]
17-May-2017 18:33:31.832 INFO [main] org.apache.catalina.startup.Catalina.start Server startup in 1327 ms
17-May-2017 18:35:01.975 INFO [localhost-startStop-2] org.apache.catalina.startup.HostConfig.deployDirectory Deploying web application directory [C:\Users\saurabhrai\Downloads\apache-tomcat-8.5.15\apache-tomcat-8.5.15\webapps\gale]
17-May-2017 18:35:02.068 INFO [localhost-startStop-2] org.apache.catalina.startup.HostConfig.deployDirectory Deployment of web application directory [C:\Users\saurabhrai\Downloads\apache-tomcat-8.5.15\apache-tomcat-8.5.15\webapps\gale] has finished in [92] ms
17-May-2017 18:37:42.214 INFO [ContainerBackgroundProcessor[StandardEngine[Catalina]]] org.apache.catalina.startup.HostConfig.reload Reloading context [/gale]
17-May-2017 18:37:42.215 INFO [ContainerBackgroundProcessor[StandardEngine[Catalina]]] org.apache.catalina.core.StandardContext.reload Reloading Context with name [/gale] has started
17-May-2017 18:37:42.325 INFO [ContainerBackgroundProcessor[StandardEngine[Catalina]]] org.apache.catalina.core.StandardContext.reload Reloading Context with name [/gale] is completed
17-May-2017 18:37:52.365 INFO [ContainerBackgroundProcessor[StandardEngine[Catalina]]] org.apache.catalina.startup.HostConfig.reload Reloading context [/gale]
17-May-2017 18:37:52.368 INFO [ContainerBackgroundProcessor[StandardEngine[Catalina]]] org.apache.catalina.core.StandardContext.reload Reloading Context with name [/gale] has started
17-May-2017 18:37:52.444 INFO [ContainerBackgroundProcessor[StandardEngine[Catalina]]] org.apache.catalina.core.StandardContext.reload Reloading Context with name [/gale] is completed
17-May-2017 18:38:02.965 INFO [ContainerBackgroundProcessor[StandardEngine[Catalina]]] org.apache.catalina.startup.HostConfig.undeploy Undeploying context [/gale]
17-May-2017 18:38:03.010 INFO [localhost-startStop-3] org.apache.catalina.startup.HostConfig.deployDirectory Deploying web application directory [C:\Users\saurabhrai\Downloads\apache-tomcat-8.5.15\apache-tomcat-8.5.15\webapps\Report]
17-May-2017 18:38:03.063 INFO [localhost-startStop-3] org.apache.catalina.startup.HostConfig.deployDirectory Deployment of web application directory [C:\Users\saurabhrai\Downloads\apache-tomcat-8.5.15\apache-tomcat-8.5.15\webapps\Report] has finished in [52] ms
17-May-2017 19:23:50.449 INFO [Thread-5] org.apache.coyote.AbstractProtocol.pause Pausing ProtocolHandler ["http-nio-8080"]
17-May-2017 19:23:50.652 INFO [Thread-5] org.apache.coyote.AbstractProtocol.pause Pausing ProtocolHandler ["ajp-nio-8009"]
17-May-2017 19:23:50.751 INFO [Thread-5] org.apache.catalina.core.StandardService.stopInternal Stopping service [Catalina]
17-May-2017 19:23:50.936 INFO [Thread-5] org.apache.coyote.AbstractProtocol.stop Stopping ProtocolHandler ["http-nio-8080"]
17-May-2017 19:23:50.946 INFO [Thread-5] org.apache.coyote.AbstractProtocol.stop Stopping ProtocolHandler ["ajp-nio-8009"]
17-May-2017 19:23:50.949 INFO [Thread-5] org.apache.coyote.AbstractProtocol.destroy Destroying ProtocolHandler ["http-nio-8080"]
17-May-2017 19:23:50.971 INFO [Thread-5] org.apache.coyote.AbstractProtocol.destroy Destroying ProtocolHandler ["ajp-nio-8009"]
