07-Oct-2017 12:25:24.262 INFO [localhost-startStop-1] org.apache.catalina.core.ApplicationContext.log ContextListener: contextInitialized()
07-Oct-2017 12:25:24.263 INFO [localhost-startStop-1] org.apache.catalina.core.ApplicationContext.log SessionListener: contextInitialized()
07-Oct-2017 13:22:42.033 SEVERE [http-nio-8080-exec-3] org.apache.catalina.core.StandardWrapperValve.invoke Servlet.service() for servlet [jsp] in context with path [] threw exception [Unable to compile class for JSP: 

An error occurred at line: [67] in the jsp file: [/home.jsp]
fullFolderLocationAggregate cannot be resolved to a variable
64:      if(errorMsg=="")
65:      {
66:         desiredFolder = name + "_" + testValue;
67:         fullFolderLocationAggregate = currDir +"\\"+desiredFolder+"\\AggregateReport";
68:         fullFolderLocationResponseTime = currDir +"\\"+desiredFolder+"\\ResponseTime";
69:         //fullFolderLocationResponseCode = currDir +"\\"+desiredFolder+"\\ResponseCode";
70:         File folderAggregate    = new File(fullFolderLocationAggregate);


An error occurred at line: [68] in the jsp file: [/home.jsp]
fullFolderLocationResponseTime cannot be resolved to a variable
65:      {
66:         desiredFolder = name + "_" + testValue;
67:         fullFolderLocationAggregate = currDir +"\\"+desiredFolder+"\\AggregateReport";
68:         fullFolderLocationResponseTime = currDir +"\\"+desiredFolder+"\\ResponseTime";
69:         //fullFolderLocationResponseCode = currDir +"\\"+desiredFolder+"\\ResponseCode";
70:         File folderAggregate    = new File(fullFolderLocationAggregate);
71:         File folderResponseTime    = new File(fullFolderLocationResponseTime);


An error occurred at line: [70] in the jsp file: [/home.jsp]
fullFolderLocationAggregate cannot be resolved to a variable
67:         fullFolderLocationAggregate = currDir +"\\"+desiredFolder+"\\AggregateReport";
68:         fullFolderLocationResponseTime = currDir +"\\"+desiredFolder+"\\ResponseTime";
69:         //fullFolderLocationResponseCode = currDir +"\\"+desiredFolder+"\\ResponseCode";
70:         File folderAggregate    = new File(fullFolderLocationAggregate);
71:         File folderResponseTime    = new File(fullFolderLocationResponseTime);
72:         //File folderResponseCode    = new File(fullFolderLocationResponseCode);
73:         File[] listOfFoldersAggregate = folderAggregate.listFiles();


An error occurred at line: [71] in the jsp file: [/home.jsp]
fullFolderLocationResponseTime cannot be resolved to a variable
68:         fullFolderLocationResponseTime = currDir +"\\"+desiredFolder+"\\ResponseTime";
69:         //fullFolderLocationResponseCode = currDir +"\\"+desiredFolder+"\\ResponseCode";
70:         File folderAggregate    = new File(fullFolderLocationAggregate);
71:         File folderResponseTime    = new File(fullFolderLocationResponseTime);
72:         //File folderResponseCode    = new File(fullFolderLocationResponseCode);
73:         File[] listOfFoldersAggregate = folderAggregate.listFiles();
74:         File[] listOfFoldersResponseTime = folderResponseTime.listFiles();


Stacktrace:] with root cause
 org.apache.jasper.JasperException: Unable to compile class for JSP: 

An error occurred at line: [67] in the jsp file: [/home.jsp]
fullFolderLocationAggregate cannot be resolved to a variable
64:      if(errorMsg=="")
65:      {
66:         desiredFolder = name + "_" + testValue;
67:         fullFolderLocationAggregate = currDir +"\\"+desiredFolder+"\\AggregateReport";
68:         fullFolderLocationResponseTime = currDir +"\\"+desiredFolder+"\\ResponseTime";
69:         //fullFolderLocationResponseCode = currDir +"\\"+desiredFolder+"\\ResponseCode";
70:         File folderAggregate    = new File(fullFolderLocationAggregate);


An error occurred at line: [68] in the jsp file: [/home.jsp]
fullFolderLocationResponseTime cannot be resolved to a variable
65:      {
66:         desiredFolder = name + "_" + testValue;
67:         fullFolderLocationAggregate = currDir +"\\"+desiredFolder+"\\AggregateReport";
68:         fullFolderLocationResponseTime = currDir +"\\"+desiredFolder+"\\ResponseTime";
69:         //fullFolderLocationResponseCode = currDir +"\\"+desiredFolder+"\\ResponseCode";
70:         File folderAggregate    = new File(fullFolderLocationAggregate);
71:         File folderResponseTime    = new File(fullFolderLocationResponseTime);


An error occurred at line: [70] in the jsp file: [/home.jsp]
fullFolderLocationAggregate cannot be resolved to a variable
67:         fullFolderLocationAggregate = currDir +"\\"+desiredFolder+"\\AggregateReport";
68:         fullFolderLocationResponseTime = currDir +"\\"+desiredFolder+"\\ResponseTime";
69:         //fullFolderLocationResponseCode = currDir +"\\"+desiredFolder+"\\ResponseCode";
70:         File folderAggregate    = new File(fullFolderLocationAggregate);
71:         File folderResponseTime    = new File(fullFolderLocationResponseTime);
72:         //File folderResponseCode    = new File(fullFolderLocationResponseCode);
73:         File[] listOfFoldersAggregate = folderAggregate.listFiles();


An error occurred at line: [71] in the jsp file: [/home.jsp]
fullFolderLocationResponseTime cannot be resolved to a variable
68:         fullFolderLocationResponseTime = currDir +"\\"+desiredFolder+"\\ResponseTime";
69:         //fullFolderLocationResponseCode = currDir +"\\"+desiredFolder+"\\ResponseCode";
70:         File folderAggregate    = new File(fullFolderLocationAggregate);
71:         File folderResponseTime    = new File(fullFolderLocationResponseTime);
72:         //File folderResponseCode    = new File(fullFolderLocationResponseCode);
73:         File[] listOfFoldersAggregate = folderAggregate.listFiles();
74:         File[] listOfFoldersResponseTime = folderResponseTime.listFiles();


Stacktrace:
	at org.apache.jasper.compiler.DefaultErrorHandler.javacError(DefaultErrorHandler.java:102)
	at org.apache.jasper.compiler.ErrorDispatcher.javacError(ErrorDispatcher.java:212)
	at org.apache.jasper.compiler.JDTCompiler.generateClass(JDTCompiler.java:457)
	at org.apache.jasper.compiler.Compiler.compile(Compiler.java:377)
	at org.apache.jasper.compiler.Compiler.compile(Compiler.java:349)
	at org.apache.jasper.compiler.Compiler.compile(Compiler.java:333)
	at org.apache.jasper.JspCompilationContext.compile(JspCompilationContext.java:600)
	at org.apache.jasper.servlet.JspServletWrapper.service(JspServletWrapper.java:368)
	at org.apache.jasper.servlet.JspServlet.serviceJspFile(JspServlet.java:385)
	at org.apache.jasper.servlet.JspServlet.service(JspServlet.java:329)
	at javax.servlet.http.HttpServlet.service(HttpServlet.java:742)
	at org.apache.catalina.core.ApplicationFilterChain.internalDoFilter(ApplicationFilterChain.java:231)
	at org.apache.catalina.core.ApplicationFilterChain.doFilter(ApplicationFilterChain.java:166)
	at org.apache.tomcat.websocket.server.WsFilter.doFilter(WsFilter.java:52)
	at org.apache.catalina.core.ApplicationFilterChain.internalDoFilter(ApplicationFilterChain.java:193)
	at org.apache.catalina.core.ApplicationFilterChain.doFilter(ApplicationFilterChain.java:166)
	at org.apache.catalina.core.StandardWrapperValve.invoke(StandardWrapperValve.java:198)
	at org.apache.catalina.core.StandardContextValve.invoke(StandardContextValve.java:96)
	at org.apache.catalina.core.StandardHostValve.invoke(StandardHostValve.java:140)
	at org.apache.catalina.valves.ErrorReportValve.invoke(ErrorReportValve.java:80)
	at org.apache.catalina.valves.AbstractAccessLogValve.invoke(AbstractAccessLogValve.java:624)
	at org.apache.catalina.core.StandardEngineValve.invoke(StandardEngineValve.java:87)
	at org.apache.catalina.connector.CoyoteAdapter.service(CoyoteAdapter.java:342)
	at org.apache.coyote.http11.Http11Processor.service(Http11Processor.java:799)
	at org.apache.coyote.AbstractProcessorLight.process(AbstractProcessorLight.java:66)
	at org.apache.coyote.AbstractProtocol$ConnectionHandler.process(AbstractProtocol.java:861)
	at org.apache.tomcat.util.net.NioEndpoint$SocketProcessor.doRun(NioEndpoint.java:1455)
	at org.apache.tomcat.util.net.SocketProcessorBase.run(SocketProcessorBase.java:49)
	at java.util.concurrent.ThreadPoolExecutor.runWorker(ThreadPoolExecutor.java:1142)
	at java.util.concurrent.ThreadPoolExecutor$Worker.run(ThreadPoolExecutor.java:617)
	at org.apache.tomcat.util.threads.TaskThread$WrappingRunnable.run(TaskThread.java:61)
	at java.lang.Thread.run(Thread.java:745)

07-Oct-2017 13:32:12.256 SEVERE [http-nio-8080-exec-6] org.apache.catalina.core.StandardWrapperValve.invoke Servlet.service() for servlet [jsp] in context with path [] threw exception [Unable to compile class for JSP: 

An error occurred at line: [67] in the jsp file: [/home.jsp]
fullFolderLocationAggregate cannot be resolved to a variable
64:      if(errorMsg=="")
65:      {
66:         desiredFolder = name + "_" + testValue;
67:         fullFolderLocationAggregate = currDir +"\\"+desiredFolder+"\\AggregateReport";
68:         fullFolderLocationResponseTime = currDir +"\\"+desiredFolder+"\\ResponseTime";
69:         //fullFolderLocationResponseCode = currDir +"\\"+desiredFolder+"\\ResponseCode";
70:         File folderAggregate    = new File(fullFolderLocationAggregate);


An error occurred at line: [68] in the jsp file: [/home.jsp]
fullFolderLocationResponseTime cannot be resolved to a variable
65:      {
66:         desiredFolder = name + "_" + testValue;
67:         fullFolderLocationAggregate = currDir +"\\"+desiredFolder+"\\AggregateReport";
68:         fullFolderLocationResponseTime = currDir +"\\"+desiredFolder+"\\ResponseTime";
69:         //fullFolderLocationResponseCode = currDir +"\\"+desiredFolder+"\\ResponseCode";
70:         File folderAggregate    = new File(fullFolderLocationAggregate);
71:         File folderResponseTime    = new File(fullFolderLocationResponseTime);


An error occurred at line: [70] in the jsp file: [/home.jsp]
fullFolderLocationAggregate cannot be resolved to a variable
67:         fullFolderLocationAggregate = currDir +"\\"+desiredFolder+"\\AggregateReport";
68:         fullFolderLocationResponseTime = currDir +"\\"+desiredFolder+"\\ResponseTime";
69:         //fullFolderLocationResponseCode = currDir +"\\"+desiredFolder+"\\ResponseCode";
70:         File folderAggregate    = new File(fullFolderLocationAggregate);
71:         File folderResponseTime    = new File(fullFolderLocationResponseTime);
72:         //File folderResponseCode    = new File(fullFolderLocationResponseCode);
73:         File[] listOfFoldersAggregate = folderAggregate.listFiles();


An error occurred at line: [71] in the jsp file: [/home.jsp]
fullFolderLocationResponseTime cannot be resolved to a variable
68:         fullFolderLocationResponseTime = currDir +"\\"+desiredFolder+"\\ResponseTime";
69:         //fullFolderLocationResponseCode = currDir +"\\"+desiredFolder+"\\ResponseCode";
70:         File folderAggregate    = new File(fullFolderLocationAggregate);
71:         File folderResponseTime    = new File(fullFolderLocationResponseTime);
72:         //File folderResponseCode    = new File(fullFolderLocationResponseCode);
73:         File[] listOfFoldersAggregate = folderAggregate.listFiles();
74:         File[] listOfFoldersResponseTime = folderResponseTime.listFiles();


Stacktrace:] with root cause
 org.apache.jasper.JasperException: Unable to compile class for JSP: 

An error occurred at line: [67] in the jsp file: [/home.jsp]
fullFolderLocationAggregate cannot be resolved to a variable
64:      if(errorMsg=="")
65:      {
66:         desiredFolder = name + "_" + testValue;
67:         fullFolderLocationAggregate = currDir +"\\"+desiredFolder+"\\AggregateReport";
68:         fullFolderLocationResponseTime = currDir +"\\"+desiredFolder+"\\ResponseTime";
69:         //fullFolderLocationResponseCode = currDir +"\\"+desiredFolder+"\\ResponseCode";
70:         File folderAggregate    = new File(fullFolderLocationAggregate);


An error occurred at line: [68] in the jsp file: [/home.jsp]
fullFolderLocationResponseTime cannot be resolved to a variable
65:      {
66:         desiredFolder = name + "_" + testValue;
67:         fullFolderLocationAggregate = currDir +"\\"+desiredFolder+"\\AggregateReport";
68:         fullFolderLocationResponseTime = currDir +"\\"+desiredFolder+"\\ResponseTime";
69:         //fullFolderLocationResponseCode = currDir +"\\"+desiredFolder+"\\ResponseCode";
70:         File folderAggregate    = new File(fullFolderLocationAggregate);
71:         File folderResponseTime    = new File(fullFolderLocationResponseTime);


An error occurred at line: [70] in the jsp file: [/home.jsp]
fullFolderLocationAggregate cannot be resolved to a variable
67:         fullFolderLocationAggregate = currDir +"\\"+desiredFolder+"\\AggregateReport";
68:         fullFolderLocationResponseTime = currDir +"\\"+desiredFolder+"\\ResponseTime";
69:         //fullFolderLocationResponseCode = currDir +"\\"+desiredFolder+"\\ResponseCode";
70:         File folderAggregate    = new File(fullFolderLocationAggregate);
71:         File folderResponseTime    = new File(fullFolderLocationResponseTime);
72:         //File folderResponseCode    = new File(fullFolderLocationResponseCode);
73:         File[] listOfFoldersAggregate = folderAggregate.listFiles();


An error occurred at line: [71] in the jsp file: [/home.jsp]
fullFolderLocationResponseTime cannot be resolved to a variable
68:         fullFolderLocationResponseTime = currDir +"\\"+desiredFolder+"\\ResponseTime";
69:         //fullFolderLocationResponseCode = currDir +"\\"+desiredFolder+"\\ResponseCode";
70:         File folderAggregate    = new File(fullFolderLocationAggregate);
71:         File folderResponseTime    = new File(fullFolderLocationResponseTime);
72:         //File folderResponseCode    = new File(fullFolderLocationResponseCode);
73:         File[] listOfFoldersAggregate = folderAggregate.listFiles();
74:         File[] listOfFoldersResponseTime = folderResponseTime.listFiles();


Stacktrace:
	at org.apache.jasper.compiler.DefaultErrorHandler.javacError(DefaultErrorHandler.java:102)
	at org.apache.jasper.compiler.ErrorDispatcher.javacError(ErrorDispatcher.java:212)
	at org.apache.jasper.compiler.JDTCompiler.generateClass(JDTCompiler.java:457)
	at org.apache.jasper.compiler.Compiler.compile(Compiler.java:377)
	at org.apache.jasper.compiler.Compiler.compile(Compiler.java:349)
	at org.apache.jasper.compiler.Compiler.compile(Compiler.java:333)
	at org.apache.jasper.JspCompilationContext.compile(JspCompilationContext.java:600)
	at org.apache.jasper.servlet.JspServletWrapper.service(JspServletWrapper.java:368)
	at org.apache.jasper.servlet.JspServlet.serviceJspFile(JspServlet.java:385)
	at org.apache.jasper.servlet.JspServlet.service(JspServlet.java:329)
	at javax.servlet.http.HttpServlet.service(HttpServlet.java:742)
	at org.apache.catalina.core.ApplicationFilterChain.internalDoFilter(ApplicationFilterChain.java:231)
	at org.apache.catalina.core.ApplicationFilterChain.doFilter(ApplicationFilterChain.java:166)
	at org.apache.tomcat.websocket.server.WsFilter.doFilter(WsFilter.java:52)
	at org.apache.catalina.core.ApplicationFilterChain.internalDoFilter(ApplicationFilterChain.java:193)
	at org.apache.catalina.core.ApplicationFilterChain.doFilter(ApplicationFilterChain.java:166)
	at org.apache.catalina.core.StandardWrapperValve.invoke(StandardWrapperValve.java:198)
	at org.apache.catalina.core.StandardContextValve.invoke(StandardContextValve.java:96)
	at org.apache.catalina.core.StandardHostValve.invoke(StandardHostValve.java:140)
	at org.apache.catalina.valves.ErrorReportValve.invoke(ErrorReportValve.java:80)
	at org.apache.catalina.valves.AbstractAccessLogValve.invoke(AbstractAccessLogValve.java:624)
	at org.apache.catalina.core.StandardEngineValve.invoke(StandardEngineValve.java:87)
	at org.apache.catalina.connector.CoyoteAdapter.service(CoyoteAdapter.java:342)
	at org.apache.coyote.http11.Http11Processor.service(Http11Processor.java:799)
	at org.apache.coyote.AbstractProcessorLight.process(AbstractProcessorLight.java:66)
	at org.apache.coyote.AbstractProtocol$ConnectionHandler.process(AbstractProtocol.java:861)
	at org.apache.tomcat.util.net.NioEndpoint$SocketProcessor.doRun(NioEndpoint.java:1455)
	at org.apache.tomcat.util.net.SocketProcessorBase.run(SocketProcessorBase.java:49)
	at java.util.concurrent.ThreadPoolExecutor.runWorker(ThreadPoolExecutor.java:1142)
	at java.util.concurrent.ThreadPoolExecutor$Worker.run(ThreadPoolExecutor.java:617)
	at org.apache.tomcat.util.threads.TaskThread$WrappingRunnable.run(TaskThread.java:61)
	at java.lang.Thread.run(Thread.java:745)

07-Oct-2017 13:32:32.667 SEVERE [http-nio-8080-exec-8] org.apache.catalina.core.StandardWrapperValve.invoke Servlet.service() for servlet [jsp] in context with path [] threw exception [Unable to compile class for JSP: 

An error occurred at line: [43] in the jsp file: [/home.jsp]
length cannot be resolved or is not a field
40:      File[] mainFolders = mainFolder.listFiles();
41:      String testTime = "";String testValue = "";
42:      String errorMsg = "";String fileName = "";
43:      for(int j=0; j < mainFolder.length;j++)
44:      {
45:         fileName = mainFolders[j].getName().toString();
46:         if(fileName.startsWith(name.toString()))


An error occurred at line: [67] in the jsp file: [/home.jsp]
fullFolderLocationAggregate cannot be resolved to a variable
64:      if(errorMsg=="")
65:      {
66:         desiredFolder = name + "_" + testValue;
67:         fullFolderLocationAggregate = currDir +"\\"+desiredFolder+"\\AggregateReport";
68:         fullFolderLocationResponseTime = currDir +"\\"+desiredFolder+"\\ResponseTime";
69:         //fullFolderLocationResponseCode = currDir +"\\"+desiredFolder+"\\ResponseCode";
70:         File folderAggregate    = new File(fullFolderLocationAggregate);


An error occurred at line: [68] in the jsp file: [/home.jsp]
fullFolderLocationResponseTime cannot be resolved to a variable
65:      {
66:         desiredFolder = name + "_" + testValue;
67:         fullFolderLocationAggregate = currDir +"\\"+desiredFolder+"\\AggregateReport";
68:         fullFolderLocationResponseTime = currDir +"\\"+desiredFolder+"\\ResponseTime";
69:         //fullFolderLocationResponseCode = currDir +"\\"+desiredFolder+"\\ResponseCode";
70:         File folderAggregate    = new File(fullFolderLocationAggregate);
71:         File folderResponseTime    = new File(fullFolderLocationResponseTime);


An error occurred at line: [70] in the jsp file: [/home.jsp]
fullFolderLocationAggregate cannot be resolved to a variable
67:         fullFolderLocationAggregate = currDir +"\\"+desiredFolder+"\\AggregateReport";
68:         fullFolderLocationResponseTime = currDir +"\\"+desiredFolder+"\\ResponseTime";
69:         //fullFolderLocationResponseCode = currDir +"\\"+desiredFolder+"\\ResponseCode";
70:         File folderAggregate    = new File(fullFolderLocationAggregate);
71:         File folderResponseTime    = new File(fullFolderLocationResponseTime);
72:         //File folderResponseCode    = new File(fullFolderLocationResponseCode);
73:         File[] listOfFoldersAggregate = folderAggregate.listFiles();


An error occurred at line: [71] in the jsp file: [/home.jsp]
fullFolderLocationResponseTime cannot be resolved to a variable
68:         fullFolderLocationResponseTime = currDir +"\\"+desiredFolder+"\\ResponseTime";
69:         //fullFolderLocationResponseCode = currDir +"\\"+desiredFolder+"\\ResponseCode";
70:         File folderAggregate    = new File(fullFolderLocationAggregate);
71:         File folderResponseTime    = new File(fullFolderLocationResponseTime);
72:         //File folderResponseCode    = new File(fullFolderLocationResponseCode);
73:         File[] listOfFoldersAggregate = folderAggregate.listFiles();
74:         File[] listOfFoldersResponseTime = folderResponseTime.listFiles();


Stacktrace:] with root cause
 org.apache.jasper.JasperException: Unable to compile class for JSP: 

An error occurred at line: [43] in the jsp file: [/home.jsp]
length cannot be resolved or is not a field
40:      File[] mainFolders = mainFolder.listFiles();
41:      String testTime = "";String testValue = "";
42:      String errorMsg = "";String fileName = "";
43:      for(int j=0; j < mainFolder.length;j++)
44:      {
45:         fileName = mainFolders[j].getName().toString();
46:         if(fileName.startsWith(name.toString()))


An error occurred at line: [67] in the jsp file: [/home.jsp]
fullFolderLocationAggregate cannot be resolved to a variable
64:      if(errorMsg=="")
65:      {
66:         desiredFolder = name + "_" + testValue;
67:         fullFolderLocationAggregate = currDir +"\\"+desiredFolder+"\\AggregateReport";
68:         fullFolderLocationResponseTime = currDir +"\\"+desiredFolder+"\\ResponseTime";
69:         //fullFolderLocationResponseCode = currDir +"\\"+desiredFolder+"\\ResponseCode";
70:         File folderAggregate    = new File(fullFolderLocationAggregate);


An error occurred at line: [68] in the jsp file: [/home.jsp]
fullFolderLocationResponseTime cannot be resolved to a variable
65:      {
66:         desiredFolder = name + "_" + testValue;
67:         fullFolderLocationAggregate = currDir +"\\"+desiredFolder+"\\AggregateReport";
68:         fullFolderLocationResponseTime = currDir +"\\"+desiredFolder+"\\ResponseTime";
69:         //fullFolderLocationResponseCode = currDir +"\\"+desiredFolder+"\\ResponseCode";
70:         File folderAggregate    = new File(fullFolderLocationAggregate);
71:         File folderResponseTime    = new File(fullFolderLocationResponseTime);


An error occurred at line: [70] in the jsp file: [/home.jsp]
fullFolderLocationAggregate cannot be resolved to a variable
67:         fullFolderLocationAggregate = currDir +"\\"+desiredFolder+"\\AggregateReport";
68:         fullFolderLocationResponseTime = currDir +"\\"+desiredFolder+"\\ResponseTime";
69:         //fullFolderLocationResponseCode = currDir +"\\"+desiredFolder+"\\ResponseCode";
70:         File folderAggregate    = new File(fullFolderLocationAggregate);
71:         File folderResponseTime    = new File(fullFolderLocationResponseTime);
72:         //File folderResponseCode    = new File(fullFolderLocationResponseCode);
73:         File[] listOfFoldersAggregate = folderAggregate.listFiles();


An error occurred at line: [71] in the jsp file: [/home.jsp]
fullFolderLocationResponseTime cannot be resolved to a variable
68:         fullFolderLocationResponseTime = currDir +"\\"+desiredFolder+"\\ResponseTime";
69:         //fullFolderLocationResponseCode = currDir +"\\"+desiredFolder+"\\ResponseCode";
70:         File folderAggregate    = new File(fullFolderLocationAggregate);
71:         File folderResponseTime    = new File(fullFolderLocationResponseTime);
72:         //File folderResponseCode    = new File(fullFolderLocationResponseCode);
73:         File[] listOfFoldersAggregate = folderAggregate.listFiles();
74:         File[] listOfFoldersResponseTime = folderResponseTime.listFiles();


Stacktrace:
	at org.apache.jasper.compiler.DefaultErrorHandler.javacError(DefaultErrorHandler.java:102)
	at org.apache.jasper.compiler.ErrorDispatcher.javacError(ErrorDispatcher.java:212)
	at org.apache.jasper.compiler.JDTCompiler.generateClass(JDTCompiler.java:457)
	at org.apache.jasper.compiler.Compiler.compile(Compiler.java:377)
	at org.apache.jasper.compiler.Compiler.compile(Compiler.java:349)
	at org.apache.jasper.compiler.Compiler.compile(Compiler.java:333)
	at org.apache.jasper.JspCompilationContext.compile(JspCompilationContext.java:600)
	at org.apache.jasper.servlet.JspServletWrapper.service(JspServletWrapper.java:368)
	at org.apache.jasper.servlet.JspServlet.serviceJspFile(JspServlet.java:385)
	at org.apache.jasper.servlet.JspServlet.service(JspServlet.java:329)
	at javax.servlet.http.HttpServlet.service(HttpServlet.java:742)
	at org.apache.catalina.core.ApplicationFilterChain.internalDoFilter(ApplicationFilterChain.java:231)
	at org.apache.catalina.core.ApplicationFilterChain.doFilter(ApplicationFilterChain.java:166)
	at org.apache.tomcat.websocket.server.WsFilter.doFilter(WsFilter.java:52)
	at org.apache.catalina.core.ApplicationFilterChain.internalDoFilter(ApplicationFilterChain.java:193)
	at org.apache.catalina.core.ApplicationFilterChain.doFilter(ApplicationFilterChain.java:166)
	at org.apache.catalina.core.StandardWrapperValve.invoke(StandardWrapperValve.java:198)
	at org.apache.catalina.core.StandardContextValve.invoke(StandardContextValve.java:96)
	at org.apache.catalina.core.StandardHostValve.invoke(StandardHostValve.java:140)
	at org.apache.catalina.valves.ErrorReportValve.invoke(ErrorReportValve.java:80)
	at org.apache.catalina.valves.AbstractAccessLogValve.invoke(AbstractAccessLogValve.java:624)
	at org.apache.catalina.core.StandardEngineValve.invoke(StandardEngineValve.java:87)
	at org.apache.catalina.connector.CoyoteAdapter.service(CoyoteAdapter.java:342)
	at org.apache.coyote.http11.Http11Processor.service(Http11Processor.java:799)
	at org.apache.coyote.AbstractProcessorLight.process(AbstractProcessorLight.java:66)
	at org.apache.coyote.AbstractProtocol$ConnectionHandler.process(AbstractProtocol.java:861)
	at org.apache.tomcat.util.net.NioEndpoint$SocketProcessor.doRun(NioEndpoint.java:1455)
	at org.apache.tomcat.util.net.SocketProcessorBase.run(SocketProcessorBase.java:49)
	at java.util.concurrent.ThreadPoolExecutor.runWorker(ThreadPoolExecutor.java:1142)
	at java.util.concurrent.ThreadPoolExecutor$Worker.run(ThreadPoolExecutor.java:617)
	at org.apache.tomcat.util.threads.TaskThread$WrappingRunnable.run(TaskThread.java:61)
	at java.lang.Thread.run(Thread.java:745)

07-Oct-2017 13:36:42.982 SEVERE [http-nio-8080-exec-1] org.apache.catalina.core.StandardWrapperValve.invoke Servlet.service() for servlet [jsp] in context with path [] threw exception [Unable to compile class for JSP: 

An error occurred at line: [66] in the jsp file: [/home.jsp]
fullFolderLocationAggregate cannot be resolved to a variable
63:      if(errorMsg=="")
64:      {
65:         desiredFolder = name + "_" + testValue;
66:         fullFolderLocationAggregate = currDir +"\\"+desiredFolder+"\\AggregateReport";
67:         fullFolderLocationResponseTime = currDir +"\\"+desiredFolder+"\\ResponseTime";
68:         //fullFolderLocationResponseCode = currDir +"\\"+desiredFolder+"\\ResponseCode";
69:         File folderAggregate    = new File(fullFolderLocationAggregate);


An error occurred at line: [67] in the jsp file: [/home.jsp]
fullFolderLocationResponseTime cannot be resolved to a variable
64:      {
65:         desiredFolder = name + "_" + testValue;
66:         fullFolderLocationAggregate = currDir +"\\"+desiredFolder+"\\AggregateReport";
67:         fullFolderLocationResponseTime = currDir +"\\"+desiredFolder+"\\ResponseTime";
68:         //fullFolderLocationResponseCode = currDir +"\\"+desiredFolder+"\\ResponseCode";
69:         File folderAggregate    = new File(fullFolderLocationAggregate);
70:         File folderResponseTime    = new File(fullFolderLocationResponseTime);


An error occurred at line: [69] in the jsp file: [/home.jsp]
fullFolderLocationAggregate cannot be resolved to a variable
66:         fullFolderLocationAggregate = currDir +"\\"+desiredFolder+"\\AggregateReport";
67:         fullFolderLocationResponseTime = currDir +"\\"+desiredFolder+"\\ResponseTime";
68:         //fullFolderLocationResponseCode = currDir +"\\"+desiredFolder+"\\ResponseCode";
69:         File folderAggregate    = new File(fullFolderLocationAggregate);
70:         File folderResponseTime    = new File(fullFolderLocationResponseTime);
71:         //File folderResponseCode    = new File(fullFolderLocationResponseCode);
72:         File[] listOfFoldersAggregate = folderAggregate.listFiles();


An error occurred at line: [70] in the jsp file: [/home.jsp]
fullFolderLocationResponseTime cannot be resolved to a variable
67:         fullFolderLocationResponseTime = currDir +"\\"+desiredFolder+"\\ResponseTime";
68:         //fullFolderLocationResponseCode = currDir +"\\"+desiredFolder+"\\ResponseCode";
69:         File folderAggregate    = new File(fullFolderLocationAggregate);
70:         File folderResponseTime    = new File(fullFolderLocationResponseTime);
71:         //File folderResponseCode    = new File(fullFolderLocationResponseCode);
72:         File[] listOfFoldersAggregate = folderAggregate.listFiles();
73:         File[] listOfFoldersResponseTime = folderResponseTime.listFiles();


Stacktrace:] with root cause
 org.apache.jasper.JasperException: Unable to compile class for JSP: 

An error occurred at line: [66] in the jsp file: [/home.jsp]
fullFolderLocationAggregate cannot be resolved to a variable
63:      if(errorMsg=="")
64:      {
65:         desiredFolder = name + "_" + testValue;
66:         fullFolderLocationAggregate = currDir +"\\"+desiredFolder+"\\AggregateReport";
67:         fullFolderLocationResponseTime = currDir +"\\"+desiredFolder+"\\ResponseTime";
68:         //fullFolderLocationResponseCode = currDir +"\\"+desiredFolder+"\\ResponseCode";
69:         File folderAggregate    = new File(fullFolderLocationAggregate);


An error occurred at line: [67] in the jsp file: [/home.jsp]
fullFolderLocationResponseTime cannot be resolved to a variable
64:      {
65:         desiredFolder = name + "_" + testValue;
66:         fullFolderLocationAggregate = currDir +"\\"+desiredFolder+"\\AggregateReport";
67:         fullFolderLocationResponseTime = currDir +"\\"+desiredFolder+"\\ResponseTime";
68:         //fullFolderLocationResponseCode = currDir +"\\"+desiredFolder+"\\ResponseCode";
69:         File folderAggregate    = new File(fullFolderLocationAggregate);
70:         File folderResponseTime    = new File(fullFolderLocationResponseTime);


An error occurred at line: [69] in the jsp file: [/home.jsp]
fullFolderLocationAggregate cannot be resolved to a variable
66:         fullFolderLocationAggregate = currDir +"\\"+desiredFolder+"\\AggregateReport";
67:         fullFolderLocationResponseTime = currDir +"\\"+desiredFolder+"\\ResponseTime";
68:         //fullFolderLocationResponseCode = currDir +"\\"+desiredFolder+"\\ResponseCode";
69:         File folderAggregate    = new File(fullFolderLocationAggregate);
70:         File folderResponseTime    = new File(fullFolderLocationResponseTime);
71:         //File folderResponseCode    = new File(fullFolderLocationResponseCode);
72:         File[] listOfFoldersAggregate = folderAggregate.listFiles();


An error occurred at line: [70] in the jsp file: [/home.jsp]
fullFolderLocationResponseTime cannot be resolved to a variable
67:         fullFolderLocationResponseTime = currDir +"\\"+desiredFolder+"\\ResponseTime";
68:         //fullFolderLocationResponseCode = currDir +"\\"+desiredFolder+"\\ResponseCode";
69:         File folderAggregate    = new File(fullFolderLocationAggregate);
70:         File folderResponseTime    = new File(fullFolderLocationResponseTime);
71:         //File folderResponseCode    = new File(fullFolderLocationResponseCode);
72:         File[] listOfFoldersAggregate = folderAggregate.listFiles();
73:         File[] listOfFoldersResponseTime = folderResponseTime.listFiles();


Stacktrace:
	at org.apache.jasper.compiler.DefaultErrorHandler.javacError(DefaultErrorHandler.java:102)
	at org.apache.jasper.compiler.ErrorDispatcher.javacError(ErrorDispatcher.java:212)
	at org.apache.jasper.compiler.JDTCompiler.generateClass(JDTCompiler.java:457)
	at org.apache.jasper.compiler.Compiler.compile(Compiler.java:377)
	at org.apache.jasper.compiler.Compiler.compile(Compiler.java:349)
	at org.apache.jasper.compiler.Compiler.compile(Compiler.java:333)
	at org.apache.jasper.JspCompilationContext.compile(JspCompilationContext.java:600)
	at org.apache.jasper.servlet.JspServletWrapper.service(JspServletWrapper.java:368)
	at org.apache.jasper.servlet.JspServlet.serviceJspFile(JspServlet.java:385)
	at org.apache.jasper.servlet.JspServlet.service(JspServlet.java:329)
	at javax.servlet.http.HttpServlet.service(HttpServlet.java:742)
	at org.apache.catalina.core.ApplicationFilterChain.internalDoFilter(ApplicationFilterChain.java:231)
	at org.apache.catalina.core.ApplicationFilterChain.doFilter(ApplicationFilterChain.java:166)
	at org.apache.tomcat.websocket.server.WsFilter.doFilter(WsFilter.java:52)
	at org.apache.catalina.core.ApplicationFilterChain.internalDoFilter(ApplicationFilterChain.java:193)
	at org.apache.catalina.core.ApplicationFilterChain.doFilter(ApplicationFilterChain.java:166)
	at org.apache.catalina.core.StandardWrapperValve.invoke(StandardWrapperValve.java:198)
	at org.apache.catalina.core.StandardContextValve.invoke(StandardContextValve.java:96)
	at org.apache.catalina.core.StandardHostValve.invoke(StandardHostValve.java:140)
	at org.apache.catalina.valves.ErrorReportValve.invoke(ErrorReportValve.java:80)
	at org.apache.catalina.valves.AbstractAccessLogValve.invoke(AbstractAccessLogValve.java:624)
	at org.apache.catalina.core.StandardEngineValve.invoke(StandardEngineValve.java:87)
	at org.apache.catalina.connector.CoyoteAdapter.service(CoyoteAdapter.java:342)
	at org.apache.coyote.http11.Http11Processor.service(Http11Processor.java:799)
	at org.apache.coyote.AbstractProcessorLight.process(AbstractProcessorLight.java:66)
	at org.apache.coyote.AbstractProtocol$ConnectionHandler.process(AbstractProtocol.java:861)
	at org.apache.tomcat.util.net.NioEndpoint$SocketProcessor.doRun(NioEndpoint.java:1455)
	at org.apache.tomcat.util.net.SocketProcessorBase.run(SocketProcessorBase.java:49)
	at java.util.concurrent.ThreadPoolExecutor.runWorker(ThreadPoolExecutor.java:1142)
	at java.util.concurrent.ThreadPoolExecutor$Worker.run(ThreadPoolExecutor.java:617)
	at org.apache.tomcat.util.threads.TaskThread$WrappingRunnable.run(TaskThread.java:61)
	at java.lang.Thread.run(Thread.java:745)

07-Oct-2017 13:37:43.917 SEVERE [http-nio-8080-exec-4] org.apache.catalina.core.StandardWrapperValve.invoke Servlet.service() for servlet [jsp] in context with path [] threw exception [Unable to compile class for JSP: 

An error occurred at line: [66] in the jsp file: [/home.jsp]
fullFolderLocationAggregate cannot be resolved to a variable
63:      if(errorMsg=="")
64:      {
65:         desiredFolder = name + "_" + testValue;
66:         fullFolderLocationAggregate = currDir +"\\"+desiredFolder+"\\AggregateReport";
67:         fullFolderLocationResponseTime = currDir +"\\"+desiredFolder+"\\ResponseTime";
68:         //fullFolderLocationResponseCode = currDir +"\\"+desiredFolder+"\\ResponseCode";
69:         File folderAggregate    = new File(fullFolderLocationAggregate);


An error occurred at line: [67] in the jsp file: [/home.jsp]
fullFolderLocationResponseTime cannot be resolved to a variable
64:      {
65:         desiredFolder = name + "_" + testValue;
66:         fullFolderLocationAggregate = currDir +"\\"+desiredFolder+"\\AggregateReport";
67:         fullFolderLocationResponseTime = currDir +"\\"+desiredFolder+"\\ResponseTime";
68:         //fullFolderLocationResponseCode = currDir +"\\"+desiredFolder+"\\ResponseCode";
69:         File folderAggregate    = new File(fullFolderLocationAggregate);
70:         File folderResponseTime    = new File(fullFolderLocationResponseTime);


An error occurred at line: [69] in the jsp file: [/home.jsp]
fullFolderLocationAggregate cannot be resolved to a variable
66:         fullFolderLocationAggregate = currDir +"\\"+desiredFolder+"\\AggregateReport";
67:         fullFolderLocationResponseTime = currDir +"\\"+desiredFolder+"\\ResponseTime";
68:         //fullFolderLocationResponseCode = currDir +"\\"+desiredFolder+"\\ResponseCode";
69:         File folderAggregate    = new File(fullFolderLocationAggregate);
70:         File folderResponseTime    = new File(fullFolderLocationResponseTime);
71:         //File folderResponseCode    = new File(fullFolderLocationResponseCode);
72:         File[] listOfFoldersAggregate = folderAggregate.listFiles();


An error occurred at line: [70] in the jsp file: [/home.jsp]
fullFolderLocationResponseTime cannot be resolved to a variable
67:         fullFolderLocationResponseTime = currDir +"\\"+desiredFolder+"\\ResponseTime";
68:         //fullFolderLocationResponseCode = currDir +"\\"+desiredFolder+"\\ResponseCode";
69:         File folderAggregate    = new File(fullFolderLocationAggregate);
70:         File folderResponseTime    = new File(fullFolderLocationResponseTime);
71:         //File folderResponseCode    = new File(fullFolderLocationResponseCode);
72:         File[] listOfFoldersAggregate = folderAggregate.listFiles();
73:         File[] listOfFoldersResponseTime = folderResponseTime.listFiles();


Stacktrace:] with root cause
 org.apache.jasper.JasperException: Unable to compile class for JSP: 

An error occurred at line: [66] in the jsp file: [/home.jsp]
fullFolderLocationAggregate cannot be resolved to a variable
63:      if(errorMsg=="")
64:      {
65:         desiredFolder = name + "_" + testValue;
66:         fullFolderLocationAggregate = currDir +"\\"+desiredFolder+"\\AggregateReport";
67:         fullFolderLocationResponseTime = currDir +"\\"+desiredFolder+"\\ResponseTime";
68:         //fullFolderLocationResponseCode = currDir +"\\"+desiredFolder+"\\ResponseCode";
69:         File folderAggregate    = new File(fullFolderLocationAggregate);


An error occurred at line: [67] in the jsp file: [/home.jsp]
fullFolderLocationResponseTime cannot be resolved to a variable
64:      {
65:         desiredFolder = name + "_" + testValue;
66:         fullFolderLocationAggregate = currDir +"\\"+desiredFolder+"\\AggregateReport";
67:         fullFolderLocationResponseTime = currDir +"\\"+desiredFolder+"\\ResponseTime";
68:         //fullFolderLocationResponseCode = currDir +"\\"+desiredFolder+"\\ResponseCode";
69:         File folderAggregate    = new File(fullFolderLocationAggregate);
70:         File folderResponseTime    = new File(fullFolderLocationResponseTime);


An error occurred at line: [69] in the jsp file: [/home.jsp]
fullFolderLocationAggregate cannot be resolved to a variable
66:         fullFolderLocationAggregate = currDir +"\\"+desiredFolder+"\\AggregateReport";
67:         fullFolderLocationResponseTime = currDir +"\\"+desiredFolder+"\\ResponseTime";
68:         //fullFolderLocationResponseCode = currDir +"\\"+desiredFolder+"\\ResponseCode";
69:         File folderAggregate    = new File(fullFolderLocationAggregate);
70:         File folderResponseTime    = new File(fullFolderLocationResponseTime);
71:         //File folderResponseCode    = new File(fullFolderLocationResponseCode);
72:         File[] listOfFoldersAggregate = folderAggregate.listFiles();


An error occurred at line: [70] in the jsp file: [/home.jsp]
fullFolderLocationResponseTime cannot be resolved to a variable
67:         fullFolderLocationResponseTime = currDir +"\\"+desiredFolder+"\\ResponseTime";
68:         //fullFolderLocationResponseCode = currDir +"\\"+desiredFolder+"\\ResponseCode";
69:         File folderAggregate    = new File(fullFolderLocationAggregate);
70:         File folderResponseTime    = new File(fullFolderLocationResponseTime);
71:         //File folderResponseCode    = new File(fullFolderLocationResponseCode);
72:         File[] listOfFoldersAggregate = folderAggregate.listFiles();
73:         File[] listOfFoldersResponseTime = folderResponseTime.listFiles();


Stacktrace:
	at org.apache.jasper.compiler.DefaultErrorHandler.javacError(DefaultErrorHandler.java:102)
	at org.apache.jasper.compiler.ErrorDispatcher.javacError(ErrorDispatcher.java:212)
	at org.apache.jasper.compiler.JDTCompiler.generateClass(JDTCompiler.java:457)
	at org.apache.jasper.compiler.Compiler.compile(Compiler.java:377)
	at org.apache.jasper.compiler.Compiler.compile(Compiler.java:349)
	at org.apache.jasper.compiler.Compiler.compile(Compiler.java:333)
	at org.apache.jasper.JspCompilationContext.compile(JspCompilationContext.java:600)
	at org.apache.jasper.servlet.JspServletWrapper.service(JspServletWrapper.java:368)
	at org.apache.jasper.servlet.JspServlet.serviceJspFile(JspServlet.java:385)
	at org.apache.jasper.servlet.JspServlet.service(JspServlet.java:329)
	at javax.servlet.http.HttpServlet.service(HttpServlet.java:742)
	at org.apache.catalina.core.ApplicationFilterChain.internalDoFilter(ApplicationFilterChain.java:231)
	at org.apache.catalina.core.ApplicationFilterChain.doFilter(ApplicationFilterChain.java:166)
	at org.apache.tomcat.websocket.server.WsFilter.doFilter(WsFilter.java:52)
	at org.apache.catalina.core.ApplicationFilterChain.internalDoFilter(ApplicationFilterChain.java:193)
	at org.apache.catalina.core.ApplicationFilterChain.doFilter(ApplicationFilterChain.java:166)
	at org.apache.catalina.core.StandardWrapperValve.invoke(StandardWrapperValve.java:198)
	at org.apache.catalina.core.StandardContextValve.invoke(StandardContextValve.java:96)
	at org.apache.catalina.core.StandardHostValve.invoke(StandardHostValve.java:140)
	at org.apache.catalina.valves.ErrorReportValve.invoke(ErrorReportValve.java:80)
	at org.apache.catalina.valves.AbstractAccessLogValve.invoke(AbstractAccessLogValve.java:624)
	at org.apache.catalina.core.StandardEngineValve.invoke(StandardEngineValve.java:87)
	at org.apache.catalina.connector.CoyoteAdapter.service(CoyoteAdapter.java:342)
	at org.apache.coyote.http11.Http11Processor.service(Http11Processor.java:799)
	at org.apache.coyote.AbstractProcessorLight.process(AbstractProcessorLight.java:66)
	at org.apache.coyote.AbstractProtocol$ConnectionHandler.process(AbstractProtocol.java:861)
	at org.apache.tomcat.util.net.NioEndpoint$SocketProcessor.doRun(NioEndpoint.java:1455)
	at org.apache.tomcat.util.net.SocketProcessorBase.run(SocketProcessorBase.java:49)
	at java.util.concurrent.ThreadPoolExecutor.runWorker(ThreadPoolExecutor.java:1142)
	at java.util.concurrent.ThreadPoolExecutor$Worker.run(ThreadPoolExecutor.java:617)
	at org.apache.tomcat.util.threads.TaskThread$WrappingRunnable.run(TaskThread.java:61)
	at java.lang.Thread.run(Thread.java:745)

07-Oct-2017 16:39:22.911 SEVERE [http-nio-8080-exec-2] org.apache.catalina.core.StandardWrapperValve.invoke Servlet.service() for servlet [jsp] in context with path [] threw exception [Unable to compile class for JSP: 

An error occurred at line: [59] in the jsp file: [/home1.jsp]
Syntax error, insert "}" to complete Statement
56:              if(fileName.startsWith(name.toString()))
57:              {
58:                 if(fileName.endsWith("28800"))
59:                     testTime = "8 Hours";testValue = "28800";
60:                 else if(fileName.endsWith("7200"))
61:                     testTime = "2 Hours";testValue = "7200";
62:                 else


An error occurred at line: [62] in the jsp file: [/home1.jsp]
Syntax error on token "else", { expected
59:                     testTime = "8 Hours";testValue = "28800";
60:                 else if(fileName.endsWith("7200"))
61:                     testTime = "2 Hours";testValue = "7200";
62:                 else
63:                     errorMsg = "<strong color='red'>Unable to fetch data! Please check the folder with load test number exists!</strong>";
64:                 break;
65:              }


Stacktrace:] with root cause
 org.apache.jasper.JasperException: Unable to compile class for JSP: 

An error occurred at line: [59] in the jsp file: [/home1.jsp]
Syntax error, insert "}" to complete Statement
56:              if(fileName.startsWith(name.toString()))
57:              {
58:                 if(fileName.endsWith("28800"))
59:                     testTime = "8 Hours";testValue = "28800";
60:                 else if(fileName.endsWith("7200"))
61:                     testTime = "2 Hours";testValue = "7200";
62:                 else


An error occurred at line: [62] in the jsp file: [/home1.jsp]
Syntax error on token "else", { expected
59:                     testTime = "8 Hours";testValue = "28800";
60:                 else if(fileName.endsWith("7200"))
61:                     testTime = "2 Hours";testValue = "7200";
62:                 else
63:                     errorMsg = "<strong color='red'>Unable to fetch data! Please check the folder with load test number exists!</strong>";
64:                 break;
65:              }


Stacktrace:
	at org.apache.jasper.compiler.DefaultErrorHandler.javacError(DefaultErrorHandler.java:102)
	at org.apache.jasper.compiler.ErrorDispatcher.javacError(ErrorDispatcher.java:212)
	at org.apache.jasper.compiler.JDTCompiler.generateClass(JDTCompiler.java:457)
	at org.apache.jasper.compiler.Compiler.compile(Compiler.java:377)
	at org.apache.jasper.compiler.Compiler.compile(Compiler.java:349)
	at org.apache.jasper.compiler.Compiler.compile(Compiler.java:333)
	at org.apache.jasper.JspCompilationContext.compile(JspCompilationContext.java:600)
	at org.apache.jasper.servlet.JspServletWrapper.service(JspServletWrapper.java:368)
	at org.apache.jasper.servlet.JspServlet.serviceJspFile(JspServlet.java:385)
	at org.apache.jasper.servlet.JspServlet.service(JspServlet.java:329)
	at javax.servlet.http.HttpServlet.service(HttpServlet.java:742)
	at org.apache.catalina.core.ApplicationFilterChain.internalDoFilter(ApplicationFilterChain.java:231)
	at org.apache.catalina.core.ApplicationFilterChain.doFilter(ApplicationFilterChain.java:166)
	at org.apache.tomcat.websocket.server.WsFilter.doFilter(WsFilter.java:52)
	at org.apache.catalina.core.ApplicationFilterChain.internalDoFilter(ApplicationFilterChain.java:193)
	at org.apache.catalina.core.ApplicationFilterChain.doFilter(ApplicationFilterChain.java:166)
	at org.apache.catalina.core.StandardWrapperValve.invoke(StandardWrapperValve.java:198)
	at org.apache.catalina.core.StandardContextValve.invoke(StandardContextValve.java:96)
	at org.apache.catalina.core.StandardHostValve.invoke(StandardHostValve.java:140)
	at org.apache.catalina.valves.ErrorReportValve.invoke(ErrorReportValve.java:80)
	at org.apache.catalina.valves.AbstractAccessLogValve.invoke(AbstractAccessLogValve.java:624)
	at org.apache.catalina.core.StandardEngineValve.invoke(StandardEngineValve.java:87)
	at org.apache.catalina.connector.CoyoteAdapter.service(CoyoteAdapter.java:342)
	at org.apache.coyote.http11.Http11Processor.service(Http11Processor.java:799)
	at org.apache.coyote.AbstractProcessorLight.process(AbstractProcessorLight.java:66)
	at org.apache.coyote.AbstractProtocol$ConnectionHandler.process(AbstractProtocol.java:861)
	at org.apache.tomcat.util.net.NioEndpoint$SocketProcessor.doRun(NioEndpoint.java:1455)
	at org.apache.tomcat.util.net.SocketProcessorBase.run(SocketProcessorBase.java:49)
	at java.util.concurrent.ThreadPoolExecutor.runWorker(ThreadPoolExecutor.java:1142)
	at java.util.concurrent.ThreadPoolExecutor$Worker.run(ThreadPoolExecutor.java:617)
	at org.apache.tomcat.util.threads.TaskThread$WrappingRunnable.run(TaskThread.java:61)
	at java.lang.Thread.run(Thread.java:745)

07-Oct-2017 16:43:17.912 SEVERE [http-nio-8080-exec-6] org.apache.catalina.core.StandardWrapperValve.invoke Servlet.service() for servlet [jsp] in context with path [] threw exception [Unable to compile class for JSP: 

An error occurred at line: [70] in the jsp file: [/home1.jsp]
fullFolderLocationAggregate cannot be resolved to a variable
67:           if(errorMsg=="")
68:                {
69:                   desiredFolder = name + "_" + testValue;
70:                   fullFolderLocationAggregate = currDir +"\\"+desiredFolder+"\\AggregateReport";
71:                   //fullFolderLocationResponseTime = currDir +"\\"+desiredFolder+"\\ResponseTime";
72:                   //fullFolderLocationResponseCode = currDir +"\\"+desiredFolder+"\\ResponseCode";
73:                   File folderAggregate    = new File(fullFolderLocationAggregate);


An error occurred at line: [73] in the jsp file: [/home1.jsp]
fullFolderLocationAggregate cannot be resolved to a variable
70:                   fullFolderLocationAggregate = currDir +"\\"+desiredFolder+"\\AggregateReport";
71:                   //fullFolderLocationResponseTime = currDir +"\\"+desiredFolder+"\\ResponseTime";
72:                   //fullFolderLocationResponseCode = currDir +"\\"+desiredFolder+"\\ResponseCode";
73:                   File folderAggregate    = new File(fullFolderLocationAggregate);
74:                   //File folderResponseTime    = new File(fullFolderLocationResponseTime);
75:                   //File folderResponseCode    = new File(fullFolderLocationResponseCode);
76:                   File[] listOfFoldersAggregate = folderAggregate.listFiles();


Stacktrace:] with root cause
 org.apache.jasper.JasperException: Unable to compile class for JSP: 

An error occurred at line: [70] in the jsp file: [/home1.jsp]
fullFolderLocationAggregate cannot be resolved to a variable
67:           if(errorMsg=="")
68:                {
69:                   desiredFolder = name + "_" + testValue;
70:                   fullFolderLocationAggregate = currDir +"\\"+desiredFolder+"\\AggregateReport";
71:                   //fullFolderLocationResponseTime = currDir +"\\"+desiredFolder+"\\ResponseTime";
72:                   //fullFolderLocationResponseCode = currDir +"\\"+desiredFolder+"\\ResponseCode";
73:                   File folderAggregate    = new File(fullFolderLocationAggregate);


An error occurred at line: [73] in the jsp file: [/home1.jsp]
fullFolderLocationAggregate cannot be resolved to a variable
70:                   fullFolderLocationAggregate = currDir +"\\"+desiredFolder+"\\AggregateReport";
71:                   //fullFolderLocationResponseTime = currDir +"\\"+desiredFolder+"\\ResponseTime";
72:                   //fullFolderLocationResponseCode = currDir +"\\"+desiredFolder+"\\ResponseCode";
73:                   File folderAggregate    = new File(fullFolderLocationAggregate);
74:                   //File folderResponseTime    = new File(fullFolderLocationResponseTime);
75:                   //File folderResponseCode    = new File(fullFolderLocationResponseCode);
76:                   File[] listOfFoldersAggregate = folderAggregate.listFiles();


Stacktrace:
	at org.apache.jasper.compiler.DefaultErrorHandler.javacError(DefaultErrorHandler.java:102)
	at org.apache.jasper.compiler.ErrorDispatcher.javacError(ErrorDispatcher.java:212)
	at org.apache.jasper.compiler.JDTCompiler.generateClass(JDTCompiler.java:457)
	at org.apache.jasper.compiler.Compiler.compile(Compiler.java:377)
	at org.apache.jasper.compiler.Compiler.compile(Compiler.java:349)
	at org.apache.jasper.compiler.Compiler.compile(Compiler.java:333)
	at org.apache.jasper.JspCompilationContext.compile(JspCompilationContext.java:600)
	at org.apache.jasper.servlet.JspServletWrapper.service(JspServletWrapper.java:368)
	at org.apache.jasper.servlet.JspServlet.serviceJspFile(JspServlet.java:385)
	at org.apache.jasper.servlet.JspServlet.service(JspServlet.java:329)
	at javax.servlet.http.HttpServlet.service(HttpServlet.java:742)
	at org.apache.catalina.core.ApplicationFilterChain.internalDoFilter(ApplicationFilterChain.java:231)
	at org.apache.catalina.core.ApplicationFilterChain.doFilter(ApplicationFilterChain.java:166)
	at org.apache.tomcat.websocket.server.WsFilter.doFilter(WsFilter.java:52)
	at org.apache.catalina.core.ApplicationFilterChain.internalDoFilter(ApplicationFilterChain.java:193)
	at org.apache.catalina.core.ApplicationFilterChain.doFilter(ApplicationFilterChain.java:166)
	at org.apache.catalina.core.StandardWrapperValve.invoke(StandardWrapperValve.java:198)
	at org.apache.catalina.core.StandardContextValve.invoke(StandardContextValve.java:96)
	at org.apache.catalina.core.StandardHostValve.invoke(StandardHostValve.java:140)
	at org.apache.catalina.valves.ErrorReportValve.invoke(ErrorReportValve.java:80)
	at org.apache.catalina.valves.AbstractAccessLogValve.invoke(AbstractAccessLogValve.java:624)
	at org.apache.catalina.core.StandardEngineValve.invoke(StandardEngineValve.java:87)
	at org.apache.catalina.connector.CoyoteAdapter.service(CoyoteAdapter.java:342)
	at org.apache.coyote.http11.Http11Processor.service(Http11Processor.java:799)
	at org.apache.coyote.AbstractProcessorLight.process(AbstractProcessorLight.java:66)
	at org.apache.coyote.AbstractProtocol$ConnectionHandler.process(AbstractProtocol.java:861)
	at org.apache.tomcat.util.net.NioEndpoint$SocketProcessor.doRun(NioEndpoint.java:1455)
	at org.apache.tomcat.util.net.SocketProcessorBase.run(SocketProcessorBase.java:49)
	at java.util.concurrent.ThreadPoolExecutor.runWorker(ThreadPoolExecutor.java:1142)
	at java.util.concurrent.ThreadPoolExecutor$Worker.run(ThreadPoolExecutor.java:617)
	at org.apache.tomcat.util.threads.TaskThread$WrappingRunnable.run(TaskThread.java:61)
	at java.lang.Thread.run(Thread.java:745)

07-Oct-2017 18:10:19.113 SEVERE [http-nio-8080-exec-8] org.apache.catalina.core.StandardWrapperValve.invoke Servlet.service() for servlet [jsp] in context with path [] threw exception
 java.io.IOException: An exception occurred processing JSP page [/home1.jsp] at line [114]

111:          <%
112:          String line;
113:          String[] dataInLine;
114:          FileReader fileReader = new FileReader(pathProductAggregate);
115:          BufferedReader bufferedReader = new BufferedReader(fileReader);
116:          while ((line = bufferedReader.readLine()) != null) {
117: 


Stacktrace:
	at org.apache.jasper.servlet.JspServletWrapper.service(JspServletWrapper.java:471)
	at org.apache.jasper.servlet.JspServlet.serviceJspFile(JspServlet.java:385)
	at org.apache.jasper.servlet.JspServlet.service(JspServlet.java:329)
	at javax.servlet.http.HttpServlet.service(HttpServlet.java:742)
	at org.apache.catalina.core.ApplicationFilterChain.internalDoFilter(ApplicationFilterChain.java:231)
	at org.apache.catalina.core.ApplicationFilterChain.doFilter(ApplicationFilterChain.java:166)
	at org.apache.tomcat.websocket.server.WsFilter.doFilter(WsFilter.java:52)
	at org.apache.catalina.core.ApplicationFilterChain.internalDoFilter(ApplicationFilterChain.java:193)
	at org.apache.catalina.core.ApplicationFilterChain.doFilter(ApplicationFilterChain.java:166)
	at org.apache.catalina.core.StandardWrapperValve.invoke(StandardWrapperValve.java:198)
	at org.apache.catalina.core.StandardContextValve.invoke(StandardContextValve.java:96)
	at org.apache.catalina.core.StandardHostValve.invoke(StandardHostValve.java:140)
	at org.apache.catalina.valves.ErrorReportValve.invoke(ErrorReportValve.java:80)
	at org.apache.catalina.valves.AbstractAccessLogValve.invoke(AbstractAccessLogValve.java:624)
	at org.apache.catalina.core.StandardEngineValve.invoke(StandardEngineValve.java:87)
	at org.apache.catalina.connector.CoyoteAdapter.service(CoyoteAdapter.java:342)
	at org.apache.coyote.http11.Http11Processor.service(Http11Processor.java:799)
	at org.apache.coyote.AbstractProcessorLight.process(AbstractProcessorLight.java:66)
	at org.apache.coyote.AbstractProtocol$ConnectionHandler.process(AbstractProtocol.java:861)
	at org.apache.tomcat.util.net.NioEndpoint$SocketProcessor.doRun(NioEndpoint.java:1455)
	at org.apache.tomcat.util.net.SocketProcessorBase.run(SocketProcessorBase.java:49)
	at java.util.concurrent.ThreadPoolExecutor.runWorker(ThreadPoolExecutor.java:1142)
	at java.util.concurrent.ThreadPoolExecutor$Worker.run(ThreadPoolExecutor.java:617)
	at org.apache.tomcat.util.threads.TaskThread$WrappingRunnable.run(TaskThread.java:61)
	at java.lang.Thread.run(Thread.java:745)
Caused by: java.io.FileNotFoundException: 2148_28800\AggregateReportAONE.csv (The system cannot find the path specified)
	at java.io.FileInputStream.open0(Native Method)
	at java.io.FileInputStream.open(FileInputStream.java:195)
	at java.io.FileInputStream.<init>(FileInputStream.java:138)
	at java.io.FileInputStream.<init>(FileInputStream.java:93)
	at java.io.FileReader.<init>(FileReader.java:58)
	at org.apache.jsp.home1_jsp._jspService(home1_jsp.java:232)
	at org.apache.jasper.runtime.HttpJspBase.service(HttpJspBase.java:70)
	at javax.servlet.http.HttpServlet.service(HttpServlet.java:742)
	at org.apache.jasper.servlet.JspServletWrapper.service(JspServletWrapper.java:443)
	... 24 more

07-Oct-2017 18:10:38.807 SEVERE [http-nio-8080-exec-10] org.apache.catalina.core.StandardWrapperValve.invoke Servlet.service() for servlet [jsp] in context with path [] threw exception
 java.io.IOException: An exception occurred processing JSP page [/home1.jsp] at line [114]

111:          <%
112:          String line;
113:          String[] dataInLine;
114:          FileReader fileReader = new FileReader(pathProductAggregate);
115:          BufferedReader bufferedReader = new BufferedReader(fileReader);
116:          while ((line = bufferedReader.readLine()) != null) {
117: 


Stacktrace:
	at org.apache.jasper.servlet.JspServletWrapper.service(JspServletWrapper.java:471)
	at org.apache.jasper.servlet.JspServlet.serviceJspFile(JspServlet.java:385)
	at org.apache.jasper.servlet.JspServlet.service(JspServlet.java:329)
	at javax.servlet.http.HttpServlet.service(HttpServlet.java:742)
	at org.apache.catalina.core.ApplicationFilterChain.internalDoFilter(ApplicationFilterChain.java:231)
	at org.apache.catalina.core.ApplicationFilterChain.doFilter(ApplicationFilterChain.java:166)
	at org.apache.tomcat.websocket.server.WsFilter.doFilter(WsFilter.java:52)
	at org.apache.catalina.core.ApplicationFilterChain.internalDoFilter(ApplicationFilterChain.java:193)
	at org.apache.catalina.core.ApplicationFilterChain.doFilter(ApplicationFilterChain.java:166)
	at org.apache.catalina.core.StandardWrapperValve.invoke(StandardWrapperValve.java:198)
	at org.apache.catalina.core.StandardContextValve.invoke(StandardContextValve.java:96)
	at org.apache.catalina.core.StandardHostValve.invoke(StandardHostValve.java:140)
	at org.apache.catalina.valves.ErrorReportValve.invoke(ErrorReportValve.java:80)
	at org.apache.catalina.valves.AbstractAccessLogValve.invoke(AbstractAccessLogValve.java:624)
	at org.apache.catalina.core.StandardEngineValve.invoke(StandardEngineValve.java:87)
	at org.apache.catalina.connector.CoyoteAdapter.service(CoyoteAdapter.java:342)
	at org.apache.coyote.http11.Http11Processor.service(Http11Processor.java:799)
	at org.apache.coyote.AbstractProcessorLight.process(AbstractProcessorLight.java:66)
	at org.apache.coyote.AbstractProtocol$ConnectionHandler.process(AbstractProtocol.java:861)
	at org.apache.tomcat.util.net.NioEndpoint$SocketProcessor.doRun(NioEndpoint.java:1455)
	at org.apache.tomcat.util.net.SocketProcessorBase.run(SocketProcessorBase.java:49)
	at java.util.concurrent.ThreadPoolExecutor.runWorker(ThreadPoolExecutor.java:1142)
	at java.util.concurrent.ThreadPoolExecutor$Worker.run(ThreadPoolExecutor.java:617)
	at org.apache.tomcat.util.threads.TaskThread$WrappingRunnable.run(TaskThread.java:61)
	at java.lang.Thread.run(Thread.java:745)
Caused by: java.io.FileNotFoundException: 2148_28800\AggregateReport\AONE.csv (The system cannot find the path specified)
	at java.io.FileInputStream.open0(Native Method)
	at java.io.FileInputStream.open(FileInputStream.java:195)
	at java.io.FileInputStream.<init>(FileInputStream.java:138)
	at java.io.FileInputStream.<init>(FileInputStream.java:93)
	at java.io.FileReader.<init>(FileReader.java:58)
	at org.apache.jsp.home1_jsp._jspService(home1_jsp.java:232)
	at org.apache.jasper.runtime.HttpJspBase.service(HttpJspBase.java:70)
	at javax.servlet.http.HttpServlet.service(HttpServlet.java:742)
	at org.apache.jasper.servlet.JspServletWrapper.service(JspServletWrapper.java:443)
	... 24 more

07-Oct-2017 19:01:25.178 SEVERE [http-nio-8080-exec-1] org.apache.catalina.core.StandardWrapperValve.invoke Servlet.service() for servlet [jsp] in context with path [] threw exception [Unable to compile class for JSP: 

An error occurred at line: [125] in the jsp file: [/home1.jsp]
The operator / is undefined for the argument type(s) String, int
122:           %>
123:              <tr>
124:                 <td><%=dataInLine[0]%></td>
125:                 <td><%=dataInLine[1]/1000%></td>
126:                 <td><%=dataInLine[2]%></td>
127:                 <td><%=dataInLine[3]%></td>
128:                 <td><%=dataInLine[4]%></td>


Stacktrace:] with root cause
 org.apache.jasper.JasperException: Unable to compile class for JSP: 

An error occurred at line: [125] in the jsp file: [/home1.jsp]
The operator / is undefined for the argument type(s) String, int
122:           %>
123:              <tr>
124:                 <td><%=dataInLine[0]%></td>
125:                 <td><%=dataInLine[1]/1000%></td>
126:                 <td><%=dataInLine[2]%></td>
127:                 <td><%=dataInLine[3]%></td>
128:                 <td><%=dataInLine[4]%></td>


Stacktrace:
	at org.apache.jasper.compiler.DefaultErrorHandler.javacError(DefaultErrorHandler.java:102)
	at org.apache.jasper.compiler.ErrorDispatcher.javacError(ErrorDispatcher.java:212)
	at org.apache.jasper.compiler.JDTCompiler.generateClass(JDTCompiler.java:457)
	at org.apache.jasper.compiler.Compiler.compile(Compiler.java:377)
	at org.apache.jasper.compiler.Compiler.compile(Compiler.java:349)
	at org.apache.jasper.compiler.Compiler.compile(Compiler.java:333)
	at org.apache.jasper.JspCompilationContext.compile(JspCompilationContext.java:600)
	at org.apache.jasper.servlet.JspServletWrapper.service(JspServletWrapper.java:368)
	at org.apache.jasper.servlet.JspServlet.serviceJspFile(JspServlet.java:385)
	at org.apache.jasper.servlet.JspServlet.service(JspServlet.java:329)
	at javax.servlet.http.HttpServlet.service(HttpServlet.java:742)
	at org.apache.catalina.core.ApplicationFilterChain.internalDoFilter(ApplicationFilterChain.java:231)
	at org.apache.catalina.core.ApplicationFilterChain.doFilter(ApplicationFilterChain.java:166)
	at org.apache.tomcat.websocket.server.WsFilter.doFilter(WsFilter.java:52)
	at org.apache.catalina.core.ApplicationFilterChain.internalDoFilter(ApplicationFilterChain.java:193)
	at org.apache.catalina.core.ApplicationFilterChain.doFilter(ApplicationFilterChain.java:166)
	at org.apache.catalina.core.StandardWrapperValve.invoke(StandardWrapperValve.java:198)
	at org.apache.catalina.core.StandardContextValve.invoke(StandardContextValve.java:96)
	at org.apache.catalina.core.StandardHostValve.invoke(StandardHostValve.java:140)
	at org.apache.catalina.valves.ErrorReportValve.invoke(ErrorReportValve.java:80)
	at org.apache.catalina.valves.AbstractAccessLogValve.invoke(AbstractAccessLogValve.java:624)
	at org.apache.catalina.core.StandardEngineValve.invoke(StandardEngineValve.java:87)
	at org.apache.catalina.connector.CoyoteAdapter.service(CoyoteAdapter.java:342)
	at org.apache.coyote.http11.Http11Processor.service(Http11Processor.java:799)
	at org.apache.coyote.AbstractProcessorLight.process(AbstractProcessorLight.java:66)
	at org.apache.coyote.AbstractProtocol$ConnectionHandler.process(AbstractProtocol.java:861)
	at org.apache.tomcat.util.net.NioEndpoint$SocketProcessor.doRun(NioEndpoint.java:1455)
	at org.apache.tomcat.util.net.SocketProcessorBase.run(SocketProcessorBase.java:49)
	at java.util.concurrent.ThreadPoolExecutor.runWorker(ThreadPoolExecutor.java:1142)
	at java.util.concurrent.ThreadPoolExecutor$Worker.run(ThreadPoolExecutor.java:617)
	at org.apache.tomcat.util.threads.TaskThread$WrappingRunnable.run(TaskThread.java:61)
	at java.lang.Thread.run(Thread.java:745)

07-Oct-2017 19:08:58.039 SEVERE [http-nio-8080-exec-7] org.apache.catalina.core.StandardWrapperValve.invoke Servlet.service() for servlet [jsp] in context with path [] threw exception [Unable to compile class for JSP: 

An error occurred at line: [126] in the jsp file: [/home1.jsp]
Syntax error on token "90l", delete this token
123:                    int sample = Integer.parseInt(dataInLine[1]);
124:                    float avg = Float.parseFloat(dataInLine[2])/1000;
125:                    float median = Float.parseFloat(dataInLine[3])/1000;
126:                    float 90line = Float.parseFloat(dataInLine[4])/1000;
127:                    float min = Float.parseFloat(dataInLine[5])/1000;
128:                    float max = Float.parseFloat(dataInLine[6])/1000;
129:                    String error = dataInLine[7];


An error occurred at line: [139] in the jsp file: [/home1.jsp]
Syntax error on token "ine", delete this token
136:                 <td><%=sample%></td>
137:                 <td><%=avg%></td>
138:                 <td><%=median%></td>
139:                 <td><%=90line%></td>
140:                 <td><%=min%></td>
141:                 <td><%=max%></td>
142:                 <td><%=error%></td>


Stacktrace:] with root cause
 org.apache.jasper.JasperException: Unable to compile class for JSP: 

An error occurred at line: [126] in the jsp file: [/home1.jsp]
Syntax error on token "90l", delete this token
123:                    int sample = Integer.parseInt(dataInLine[1]);
124:                    float avg = Float.parseFloat(dataInLine[2])/1000;
125:                    float median = Float.parseFloat(dataInLine[3])/1000;
126:                    float 90line = Float.parseFloat(dataInLine[4])/1000;
127:                    float min = Float.parseFloat(dataInLine[5])/1000;
128:                    float max = Float.parseFloat(dataInLine[6])/1000;
129:                    String error = dataInLine[7];


An error occurred at line: [139] in the jsp file: [/home1.jsp]
Syntax error on token "ine", delete this token
136:                 <td><%=sample%></td>
137:                 <td><%=avg%></td>
138:                 <td><%=median%></td>
139:                 <td><%=90line%></td>
140:                 <td><%=min%></td>
141:                 <td><%=max%></td>
142:                 <td><%=error%></td>


Stacktrace:
	at org.apache.jasper.compiler.DefaultErrorHandler.javacError(DefaultErrorHandler.java:102)
	at org.apache.jasper.compiler.ErrorDispatcher.javacError(ErrorDispatcher.java:212)
	at org.apache.jasper.compiler.JDTCompiler.generateClass(JDTCompiler.java:457)
	at org.apache.jasper.compiler.Compiler.compile(Compiler.java:377)
	at org.apache.jasper.compiler.Compiler.compile(Compiler.java:349)
	at org.apache.jasper.compiler.Compiler.compile(Compiler.java:333)
	at org.apache.jasper.JspCompilationContext.compile(JspCompilationContext.java:600)
	at org.apache.jasper.servlet.JspServletWrapper.service(JspServletWrapper.java:368)
	at org.apache.jasper.servlet.JspServlet.serviceJspFile(JspServlet.java:385)
	at org.apache.jasper.servlet.JspServlet.service(JspServlet.java:329)
	at javax.servlet.http.HttpServlet.service(HttpServlet.java:742)
	at org.apache.catalina.core.ApplicationFilterChain.internalDoFilter(ApplicationFilterChain.java:231)
	at org.apache.catalina.core.ApplicationFilterChain.doFilter(ApplicationFilterChain.java:166)
	at org.apache.tomcat.websocket.server.WsFilter.doFilter(WsFilter.java:52)
	at org.apache.catalina.core.ApplicationFilterChain.internalDoFilter(ApplicationFilterChain.java:193)
	at org.apache.catalina.core.ApplicationFilterChain.doFilter(ApplicationFilterChain.java:166)
	at org.apache.catalina.core.StandardWrapperValve.invoke(StandardWrapperValve.java:198)
	at org.apache.catalina.core.StandardContextValve.invoke(StandardContextValve.java:96)
	at org.apache.catalina.core.StandardHostValve.invoke(StandardHostValve.java:140)
	at org.apache.catalina.valves.ErrorReportValve.invoke(ErrorReportValve.java:80)
	at org.apache.catalina.valves.AbstractAccessLogValve.invoke(AbstractAccessLogValve.java:624)
	at org.apache.catalina.core.StandardEngineValve.invoke(StandardEngineValve.java:87)
	at org.apache.catalina.connector.CoyoteAdapter.service(CoyoteAdapter.java:342)
	at org.apache.coyote.http11.Http11Processor.service(Http11Processor.java:799)
	at org.apache.coyote.AbstractProcessorLight.process(AbstractProcessorLight.java:66)
	at org.apache.coyote.AbstractProtocol$ConnectionHandler.process(AbstractProtocol.java:861)
	at org.apache.tomcat.util.net.NioEndpoint$SocketProcessor.doRun(NioEndpoint.java:1455)
	at org.apache.tomcat.util.net.SocketProcessorBase.run(SocketProcessorBase.java:49)
	at java.util.concurrent.ThreadPoolExecutor.runWorker(ThreadPoolExecutor.java:1142)
	at java.util.concurrent.ThreadPoolExecutor$Worker.run(ThreadPoolExecutor.java:617)
	at org.apache.tomcat.util.threads.TaskThread$WrappingRunnable.run(TaskThread.java:61)
	at java.lang.Thread.run(Thread.java:745)

